# CA-GrQc 5242 28980
3466 0
937 0
5233 0
8579 0
10310 0
15931 0
17038 0
18720 0
19607 0
1854 0
4583 0
9572 0
10841 0
13056 0
14982 0
16310 0
19640 0
23855 0
24372 0
24814 0
5052 0
899 0
1796 0
2287 0
3096 0
3386 0
4472 0
5346 0
5740 0
6094 0
6376 0
9124 0
10235 0
10427 0
10597 0
15159 0
16148 0
16741 0
18235 0
18549 0
19297 0
20511 0
20595 0
20613 0
24371 0
24559 0
24731 0
25102 0
25271 0
25396 0
1658 0
4822 0
6864 0
7689 0
7926 0
10268 0
12971 0
18600 0
20421 0
20886 0
21048 0
22393 0
23186 0
23214 0
23298 0
23945 0
24939 0
339 0
624 0
3731 0
4743 0
5407 0
6610 0
6700 0
8045 0
9099 0
9639 0
9785 0
12141 0
15184 0
15784 0
18719 0
19870 0
20532 0
22527 0
23576 0
23577 0
23649 0
24199 0
24293 0
25201 0
10243 0
6774 0
8049 0
8053 0
8517 0
11964 0
15538 0
16694 0
18648 0
19423 0
21012 0
22457 0
22691 0
23452 0
16174 0
16470 18
17822 18
14265 0
392 0
2485 0
2949 0
3173 0
3441 0
3593 0
3853 0
3927 0
3937 0
3939 0
5107 0
5218 0
5230 0
6030 0
7350 0
7504 0
7601 0
8718 0
9522 0
11621 0
12498 0
12691 0
15251 0
16020 0
16261 0
17156 0
17626 0
18622 0
19059 0
19525 0
19738 0
20122 0
20432 0
21866 0
22074 0
23721 0
8916 0
13556 0
14485 0
8612 0
615 0
743 0
2076 0
4515 0
5773 0
9482 0
10822 0
11175 0
11604 0
14004 0
15003 0
15552 0
15814 0
16083 0
17932 0
20001 0
20100 0
23481 0
16258 0
1356 0
1727 0
2752 0
4125 0
6667 0
6825 0
10039 0
10351 0
11082 0
14123 0
16676 0
21194 0
10912 0
14534 0
17268 0
19783 0
21705 0
22836 0
2710 0
62 0
106 0
260 0
2959 0
3677 0
4708 0
5172 0
5541 0
5794 0
5807 0
6575 0
8458 0
10601 0
11401 0
13026 0
13205 0
13659 0
13989 0
14007 0
14009 0
14599 0
15301 0
18757 0
20934 0
21543 0
22184 0
23647 0
23708 0
25916 0
26023 0
26051 0
26100 0
214 0
5435 0
6512 0
10590 0
23559 0
1765 0
3032 0
5302 0
7383 0
7442 0
7768 0
13276 0
17266 0
22415 0
10794 0
7050 0
25850 0
10113 0
10657 0
12130 0
17172 0
4846 0
676 0
824 0
2133 0
2654 0
4748 0
5672 0
10549 0
12928 0
13220 0
14419 0
17330 0
17439 0
18487 0
20850 0
22779 0
23382 0
24029 0
11785 0
45 0
46 0
570 0
773 0
1653 0
2212 0
2741 0
2952 0
3372 0
4046 0
4164 0
4511 0
4513 0
5262 0
6179 0
6830 0
7956 0
8879 0
11241 0
11472 0
12365 0
12496 0
12678 0
12781 0
12851 0
14540 0
14807 0
15659 0
16159 0
17655 0
17692 0
18894 0
19961 0
20108 0
20562 0
20635 0
21281 0
21508 0
21847 0
22798 0
22887 0
23293 0
24955 0
25346 0
25758 0
934 0
5579 0
9755 0
10550 0
16032 0
17331 0
17603 0
20644 0
22497 0
23387 0
23907 0
24924 0
25080 0
12422 0
1339 0
3164 0
15580 0
16393 0
20478 0
20956 0
3890 0
5621 0
8824 0
11613 0
12306 0
12860 0
14547 0
18182 0
21707 0
24696 0
2661 0
7899 0
8067 0
8208 0
11132 0
11402 0
12980 0
13364 0
14969 0
16389 0
18109 0
18365 0
23038 0
24845 0
25379 0
13740 0
4550 0
4702 0
7264 0
13096 0
14128 0
19489 0
19527 0
19784 0
22476 0
25006 0
25486 0
26 0
1407 0
1488 0
8219 0
10762 0
11801 0
12665 0
12688 0
13142 0
15108 0
15321 0
20647 0
20827 0
20879 0
23614 0
3909 0
17979 0
3872 0
5109 0
7533 0
12409 0
20101 0
23096 0
8862 0
78 0
4877 0
7459 0
8254 0
12155 0
22598 0
24932 0
888 0
1520 0
6468 0
6627 0
7007 0
7712 0
10711 0
13614 0
14102 0
18517 0
18676 0
23351 0
23689 0
24114 0
2465 0
2592 0
3977 0
5055 0
5993 0
9265 0
12334 0
19890 0
20341 0
21560 0
17309 0
24833 0
543 0
1958 0
2193 0
3917 0
6858 0
8148 0
9092 0
12478 0
15366 0
18125 0
18398 0
19675 0
21806 0
23693 0
26196 0
10115 48
10134 48
23916 48
7893 0
593 0
5510 0
9360 0
12627 0
16778 0
18037 0
18051 0
13385 0
19578 0
12386 0
13333 0
23896 0
8978 0
9017 0
15170 0
15455 0
16589 0
2255 0
3056 0
6158 0
7307 0
7324 0
8365 0
9023 0
11444 0
12324 0
12472 0
13831 0
14746 0
16128 0
17075 0
18875 0
19900 0
20000 0
20806 0
21944 0
21968 0
23302 0
23665 0
23758 0
24722 0
12045 0
12287 0
14181 0
20257 0
21613 0
7510 0
197 0
8851 0
1343 0
2991 0
8299 0
15416 0
18088 0
25286 0
1254 0
3420 0
10130 0
2250 0
3243 0
7717 0
7985 0
11015 0
12085 0
13714 0
14767 0
16056 0
16994 0
17414 0
18971 0
19216 0
20534 0
21776 0
21860 0
25205 0
178 0
1248 0
1403 0
2368 0
2420 0
16210 0
18681 0
20641 0
24762 0
2307 0
6934 0
22423 0
231 0
345 0
1186 0
1234 0
1841 0
1997 0
2404 0
2450 0
2980 0
3409 0
5134 0
5578 0
8503 0
9341 0
9889 0
12503 0
13060 0
13597 0
16611 0
18208 0
18543 0
18866 0
22421 0
22937 0
23363 0
23628 0
25053 0
25251 0
2982 0
4036 0
4115 0
12938 0
13032 0
19215 0
21432 0
22726 0
22834 0
22966 0
23511 0
25528 0
25836 0
14376 0
8710 0
22483 0
1375 0
2846 0
5555 0
5564 0
5787 0
9721 0
10158 0
10942 0
13600 0
13929 0
21075 0
21316 0
22900 0
23637 0
23770 0
25143 0
25601 0
25980 0
17394 0
18924 0
3113 0
8312 0
10765 0
17538 0
25978 0
1172 0
5674 0
26194 0
375 0
1838 0
12733 0
7188 0
896 0
921 0
1508 0
6815 0
7209 0
8279 0
13008 0
18605 0
21158 0
4632 0
7844 0
11053 0
11148 0
13411 0
14512 0
16594 0
16722 0
16726 0
16876 0
19954 0
19992 0
20391 0
20774 0
23403 0
4870 0
5175 0
8282 0
22046 0
2449 0
4766 0
3561 0
4868 0
8352 0
10456 0
15365 0
16931 0
8157 44
2120 44
7713 47
19052 47
8302 18
16484 18
17778 0
2556 0
19159 0
21699 0
25382 0
8701 0
523 0
5464 0
7774 0
17379 0
18008 0
23385 0
25868 0
26170 0
1310 0
2922 0
3651 0
6891 0
10162 0
10620 0
11112 0
13174 0
14864 0
17536 0
23153 0
24340 0
11102 0
18592 0
22765 0
1896 0
6838 0
25220 0
4180 0
10055 0
12637 0
1832 0
4383 0
7014 0
9397 0
14344 0
14385 0
21379 0
24163 0
4416 0
9241 0
2620 0
3679 0
4364 0
5712 0
13955 0
14003 0
15235 0
18227 0
19445 0
19495 0
20168 0
23967 0
1116 0
15399 0
18222 0
21287 0
23227 0
4624 0
5355 0
6863 0
12606 0
12968 0
15770 0
21322 0
22265 0
22336 0
23099 0
23880 0
25111 0
4319 0
12758 0
22023 0
14337 0
5849 0
10763 0
11121 0
11194 0
15799 0
16511 0
16575 0
16945 0
21157 0
2326 0
10253 0
13190 0
14325 0
19048 0
20182 0
3595 0
18174 0
17850 0
20620 0
12380 0
3197 0
6160 0
8589 0
9417 0
9829 0
14638 0
14924 0
15972 0
17228 0
18940 0
19090 0
19475 0
20207 0
22644 0
22790 0
24001 0
25228 0
9710 0
3345 0
3430 0
5266 0
5995 0
7999 0
8047 0
8178 0
8868 0
10824 0
15144 0
19107 0
19806 0
22439 0
23304 0
24431 0
11077 0
10211 0
14972 0
15300 0
17158 0
17162 0
17403 0
20149 0
20519 0
21389 0
22951 0
23912 0
23918 0
25589 0
6895 0
3076 0
7444 0
8972 0
17308 0
20574 0
21629 0
245 0
4983 0
13480 0
14562 0
15912 0
16976 0
19974 0
22245 0
414 0
8708 36
23776 36
1044 0
4975 0
5809 0
12587 0
16123 0
20303 0
4451 0
9983 0
15205 0
15666 0
15667 0
19093 0
21031 0
24330 0
5840 0
6732 0
8614 0
13847 0
15081 0
22609 0
3310 0
5143 0
9735 0
17396 0
26138 0
4700 0
5606 0
1386 0
1738 0
2566 0
2720 0
5634 0
9870 0
16779 0
24475 0
25931 0
1817 0
3725 0
5366 0
15911 0
9800 0
26141 0
18001 0
22177 0
25480 0
1425 0
2501 0
2823 0
5136 0
7105 0
7317 0
9127 0
14615 0
17089 0
19454 0
22758 0
23841 0
3207 0
7125 0
20683 0
25419 0
2591 0
8932 0
9188 0
9773 0
13713 0
19179 0
14818 0
26190 0
3839 0
13615 0
16674 0
7042 0
9269 0
11661 0
21994 0
9943 0
10096 0
15614 0
16368 0
17285 0
21407 0
8715 0
21142 0
21167 0
13621 39
25388 39
284 0
6427 0
16835 0
18677 0
21696 0
25854 0
25940 0
9485 0
10435 0
14698 0
21823 0
811 0
9964 0
11919 0
15123 0
17021 0
19517 0
22989 0
23485 0
8069 0
2127 0
11712 0
10871 0
15829 0
16106 0
17207 0
17670 0
18286 0
18612 0
19234 0
19724 0
22876 0
3412 0
894 0
4814 0
5441 0
5717 0
5934 0
9075 0
10623 0
11223 0
11491 0
12659 0
14351 0
19807 0
21324 0
21665 0
22734 0
22778 0
23246 0
25698 0
7615 0
12806 0
1620 0
3922 0
9133 0
9895 0
9907 0
11791 0
18457 0
19131 0
19997 0
21491 0
22426 0
22791 0
25158 0
25316 0
352 0
3996 0
10555 0
15850 0
19101 0
20533 0
21943 0
22603 0
23513 0
25034 0
1280 0
5851 0
11591 0
13520 0
16921 0
21646 0
17559 0
1674 0
3323 0
8680 0
9184 0
13813 0
19204 0
19206 0
19657 0
20373 0
23204 0
409 0
2474 0
4241 0
6746 0
10476 0
16568 0
21771 0
24620 0
2081 0
2664 0
12212 0
13528 0
14628 0
22574 0
25872 0
1545 0
2202 0
15206 0
17233 0
18158 0
21317 0
24271 0
8547 0
10791 0
10919 0
11275 0
15600 0
15608 0
16644 0
24568 0
25996 0
26098 0
1059 0
6154 0
7725 0
11125 0
13705 0
15435 0
16039 0
17821 0
18540 0
20536 0
23529 0
10588 0
3916 0
4525 0
4952 0
5352 0
5729 0
10490 0
12101 0
13801 0
15311 0
21754 0
23134 0
24614 0
4493 0
14627 0
23720 0
930 0
3946 0
4760 0
17189 0
10463 0
10526 0
11788 0
17746 0
18189 0
21438 0
22611 0
26038 0
4195 0
7069 0
9098 0
17721 0
21723 0
24587 0
7895 0
11863 0
12110 0
1000 0
1149 0
1694 0
2115 0
4575 0
5605 0
6288 0
12016 0
12070 0
13469 0
16101 0
18250 0
20667 0
20716 0
23107 0
23344 0
23939 0
25402 0
25948 0
6963 0
8374 0
17465 0
19865 0
3006 0
3630 0
5901 0
5953 0
7911 0
8730 0
10406 0
12874 0
13177 0
16817 0
19723 0
24885 0
13653 0
22599 0
3265 0
3998 0
8513 0
10501 0
13029 0
13622 0
13682 0
16324 0
16640 0
16749 0
26059 0
26065 0
580 0
6431 0
1877 0
2042 0
15880 0
16967 0
19710 0
20014 0
23163 0
23225 0
3683 0
3845 0
6748 0
14664 0
16065 0
16963 0
20650 0
3804 0
4032 0
5194 0
23137 0
11495 0
12842 0
495 0
2742 0
3965 0
5622 0
7855 0
8928 0
8968 0
9458 0
17968 0
18375 0
8335 0
1104 0
5427 0
13322 0
13529 0
18619 0
18751 0
6494 0
2526 0
6364 0
6857 0
7853 0
14976 0
24781 0
321 0
21853 0
884 0
5469 0
5575 0
10183 0
10966 0
16624 0
24699 0
14308 0
5166 0
5597 0
9066 0
20787 0
23836 0
25050 0
5287 0
17273 0
9283 0
953 0
17794 0
114 0
2348 0
6631 0
8854 0
4290 0
8200 0
11113 0
12302 0
21017 0
23297 0
6355 0
7194 0
20960 0
7542 0
15322 0
18415 0
23066 0
3765 0
14500 0
17918 0
3418 0
4798 0
12866 0
20196 0
2004 34
21191 34
21663 0
14020 0
22203 0
1600 0
15905 0
21635 0
16543 0
238 0
4793 0
6218 0
15516 0
16553 0
16563 0
16565 0
22964 0
8442 0
10412 0
8887 0
6072 0
491 0
1124 0
1818 0
4552 0
5739 0
6823 0
7882 0
13328 0
17039 0
17082 0
22028 0
23454 0
3681 0
7126 0
3547 0
449 0
882 0
1405 0
1498 0
3033 0
3048 0
3511 0
7091 0
14707 0
17245 0
18340 0
6804 0
12260 0
19624 0
22826 0
25491 0
25844 0
6184 0
19161 0
21831 0
88 0
1995 0
2338 0
2530 0
2535 0
4355 0
4755 0
5210 0
6340 0
7197 0
7635 0
8727 0
9313 0
9656 0
9869 0
10350 0
12507 0
12710 0
14648 0
14766 0
15010 0
15244 0
15245 0
15457 0
15933 0
16654 0
17807 0
18225 0
18453 0
18778 0
19114 0
19446 0
19645 0
19939 0
20346 0
20576 0
21178 0
22504 0
23712 0
24453 0
24718 0
12308 0
15935 0
18276 0
18904 0
2190 0
6172 0
8592 0
14933 0
4249 0
21718 0
22290 0
23441 0
24113 0
6421 0
8224 0
11182 0
11696 0
12286 0
23423 0
500 0
2085 0
2568 0
3099 0
4468 0
4631 0
9892 0
10358 0
10458 0
10615 0
11011 0
12074 0
13971 0
14079 0
16754 0
18783 0
19612 0
20552 0
20553 0
21032 0
23355 0
24454 0
25086 0
25180 0
25785 0
10539 0
4254 42
9337 42
1497 0
6724 0
16890 0
2630 0
7563 0
14403 0
17392 0
23503 0
2558 0
21910 0
18910 0
2511 0
10986 0
13318 0
14051 0
14414 0
22119 0
1006 0
4351 0
11372 0
16414 0
639 0
1941 0
5227 0
7015 0
9647 0
12852 0
15846 0
16333 0
16347 0
4576 0
6941 0
7206 0
7485 0
9389 0
9426 0
10246 0
11026 0
17953 0
18946 0
18983 0
19013 0
23458 0
23986 0
4697 0
3007 0
22082 0
25537 0
5695 0
574 0
6971 0
13282 0
15409 0
18745 0
18758 0
21497 0
22366 0
23714 0
1153 0
17501 0
4183 0
6010 0
9862 0
12370 0
16834 0
16853 0
16899 0
21199 0
22299 0
22309 0
22620 0
20248 0
12679 0
573 0
1430 0
2072 0
4966 0
19493 0
22278 0
5769 0
10896 0
20915 0
22848 0
1347 0
4782 0
15582 0
17472 0
19707 0
21930 0
24835 0
24959 0
24009 0
283 0
1880 0
5505 0
15959 0
15961 0
24444 0
14316 0
14690 0
22254 0
749 0
1373 0
3607 0
7245 0
8031 0
15907 0
19164 0
302 0
2335 0
6702 0
11490 0
16108 0
17174 0
17924 0
3999 0
8211 0
12373 0
20059 0
2155 0
4283 0
6408 0
7715 0
8920 0
23256 0
2607 0
3450 0
4588 0
5130 0
5353 0
5835 0
9450 0
12165 0
12722 0
20003 0
20184 0
24640 2
4685 2
15415 2
24152 2
8376 0
8888 0
13067 0
4213 0
7045 0
11892 0
20645 0
23264 0
10600 0
13493 0
13496 0
18788 0
18791 0
23394 0
140 0
17304 0
18587 0
19404 0
22462 0
24122 0
1078 0
5164 0
9387 0
11640 0
12545 0
13371 0
17116 0
19741 0
22149 0
16331 0
19184 0
17843 0
1685 0
8134 0
12687 0
23409 0
1321 0
4433 0
5125 0
7625 0
10895 0
11899 0
13711 0
16162 0
16475 0
19167 0
19387 0
21089 0
21727 0
23863 0
25565 0
5060 0
20660 0
1608 0
20030 0
11447 0
834 0
2490 0
5570 0
15625 0
15917 0
18140 0
18790 0
24110 0
4466 0
8505 0
16357 0
20116 0
20148 0
22899 0
25710 0
4068 0
9517 0
11400 0
11630 0
11700 0
11733 0
11951 0
12268 0
14093 0
15685 0
16006 0
16495 0
17135 0
20169 0
22188 0
22189 0
22621 0
22811 0
22975 0
23110 0
23509 0
23552 0
23805 0
23806 0
25557 0
25562 0
7801 0
14089 0
14967 0
25215 0
11868 0
24023 0
2559 0
5543 0
5767 0
10931 0
24097 16
14952 0
16953 0
20191 0
25934 0
10467 0
13175 0
20892 0
21816 0
25209 0
14371 0
17443 0
141 0
8408 0
17286 0
25827 0
5246 0
10524 0
12337 0
15419 0
24 29
3858 29
15066 0
23161 29
25378 0
205 0
12389 0
15718 0
16506 0
21650 0
22502 0
482 0
3411 0
4428 0
5392 0
6317 0
7541 0
15664 0
16469 0
17665 0
20424 0
24734 0
8206 0
12865 0
13384 0
17688 0
3826 0
12369 0
13498 0
19111 0
22239 0
19084 0
23943 0
75 0
8807 0
22530 0
15353 0
3449 0
17950 0
18522 0
6709 31
18003 31
5545 31
12135 0
2475 0
3209 0
15973 0
21928 0
24765 0
6219 0
18160 0
1833 15
8177 15
12107 15
4819 15
7863 15
8596 15
13635 15
17848 15
25152 0
25408 0
11891 0
20243 0
19233 0
733 0
20597 0
3171 0
19149 0
19340 0
7824 0
8815 0
12065 0
14558 0
15306 0
15400 0
22528 0
22832 0
10969 0
13321 0
16958 0
19109 0
23346 0
2848 0
4896 0
8666 0
10552 0
12884 0
18511 0
25988 0
22371 0
11566 0
11808 0
18560 0
15249 33
15624 33
1058 0
2614 0
3730 0
7449 0
10801 0
14661 0
21321 0
22376 0
24295 0
5485 0
23870 0
6638 0
17754 0
25674 0
9273 0
9325 0
2783 0
9408 0
12927 0
13310 0
6264 0
7204 0
12247 0
19433 0
18867 0
24943 0
731 0
17359 0
23558 0
6828 0
25319 0
3953 11
13196 0
15568 11
17163 11
22954 11
14606 0
22144 0
1840 0
4713 0
6824 0
12492 0
10478 0
16675 0
13859 23
4141 23
9267 23
11052 23
16091 23
17755 23
20053 23
22395 23
26168 23
8378 0
16607 0
2054 18
1552 18
8719 18
9760 18
10355 18
13741 18
5116 0
9629 0
7087 0
9984 0
10153 0
10543 0
10967 0
16336 0
20435 0
20479 0
21433 0
25569 0
25783 0
7039 0
12166 0
14970 0
7277 0
16766 0
16770 0
16858 0
17113 0
17389 0
18408 0
19089 0
20033 0
23429 0
24578 0
4724 0
6904 0
7452 0
12491 0
13369 0
14346 0
18065 0
18271 0
19244 0
23989 0
10983 0
4642 0
16708 0
8231 0
9616 0
24149 0
1519 0
8768 0
9937 0
24270 0
25435 0
5181 0
6316 15
17235 15
2870 0
2536 0
9207 0
9732 0
12654 0
16041 0
22555 0
24753 0
25870 0
5830 0
10991 0
17306 0
19924 0
10923 0
11821 0
16013 0
21469 0
11944 0
16429 0
25784 0
21608 0
23092 0
25571 0
5444 0
11734 0
13931 0
21549 0
25615 0
8476 0
13388 0
12739 0
4847 0
10842 0
11293 0
25125 0
1672 0
8079 0
11461 0
16755 0
1711 0
3174 0
6726 0
6813 0
13703 0
20046 0
20854 0
5411 0
5503 0
10390 0
11186 0
7522 0
9944 0
17086 0
21341 0
16010 0
22696 0
25585 0
3526 0
15786 0
135 0
1776 0
4102 0
12311 0
12675 0
15816 0
19945 0
26176 0
1550 0
20952 0
24280 0
365 0
9511 0
14552 0
15585 0
16906 0
17187 0
18579 0
18736 0
19791 0
1229 0
1862 0
3194 0
3532 0
5400 0
7154 0
9946 0
10381 0
11107 0
17934 0
22721 0
24129 0
215 0
185 0
351 0
1074 0
1858 0
4512 0
6892 0
8280 0
14542 0
17751 0
18095 0
18143 0
18649 0
18943 0
19573 0
22601 0
22793 0
3877 0
4354 0
5412 0
6544 0
7357 0
7719 0
10477 0
11445 0
12788 0
18185 0
19246 0
19463 0
20780 0
21861 0
22284 0
22741 0
23514 0
18161 0
11093 0
165 0
293 0
3228 0
6556 0
17194 0
6524 0
22436 0
9504 0
5359 0
2915 0
10956 0
20089 0
25358 0
2350 0
2385 0
20783 0
25405 0
15209 0
15669 0
10807 0
21466 0
6832 0
19557 0
1090 0
3990 0
4635 0
4759 0
15166 0
24860 0
6375 0
10519 0
20230 0
4775 0
7095 0
9138 0
9432 0
20229 0
2926 0
22275 0
6023 0
13624 0
19682 0
17859 0
6075 0
13932 0
14499 0
20345 0
4023 0
11902 0
13647 0
19146 0
22699 0
23622 0
25057 0
11617 0
21029 0
12040 0
1217 0
269 0
1150 0
1611 0
2165 0
3944 0
5488 0
6033 0
8128 0
9974 0
12735 0
14430 0
19877 0
20495 0
21638 0
21708 0
22242 0
23233 0
24126 0
25648 0
3501 0
16278 0
24705 0
19355 0
22018 0
25660 0
3312 0
11493 0
5059 31
21530 31
13485 31
11032 0
10719 0
2200 0
17729 0
20052 0
21830 0
379 0
6064 0
9439 0
10907 0
4638 0
23909 0
18237 0
19219 0
18171 24
85 24
5413 24
8630 0
16521 0
20517 0
26005 0
8774 0
5209 0
6943 0
22748 0
24057 0
25902 0
1014 0
12112 0
17440 0
19150 0
21027 0
8087 0
15523 0
17339 0
19711 0
20307 0
1194 0
21858 0
7829 0
5360 0
19544 0
715 0
16554 0
4252 35
24451 35
23856 35
6095 0
7446 0
25236 0
2852 0
12599 0
25056 0
25721 0
11638 0
7246 0
17240 0
25091 0
13970 0
80 0
8742 0
23063 0
19903 0
25469 0
2851 0
11416 0
23751 0
8552 0
1595 0
1910 0
2293 0
4135 0
4554 0
9316 0
16498 0
17939 0
21587 0
24160 0
25354 0
10676 0
24961 0
8305 0
22771 0
1736 0
1914 0
7586 0
14424 0
19462 0
2569 18
5546 18
3654 0
11557 0
14154 0
15477 0
15882 0
281 0
5241 0
9471 0
20765 0
3948 0
4013 0
25516 0
25684 0
546 0
8641 0
19922 0
23175 19
21206 19
25662 19
887 0
3721 0
9634 0
14781 0
18972 0
25321 0
8074 0
13164 0
14541 0
15127 0
18524 0
16230 0
20702 0
25225 0
70 0
4727 0
15559 0
123 0
23240 0
3980 0
16962 0
3821 0
17991 0
3875 0
9094 47
19061 47
2080 0
4069 0
5385 0
1968 0
9082 0
9306 0
15942 0
1588 0
2805 0
8063 0
9419 0
5827 0
6351 0
6527 0
10881 0
5367 0
14983 0
19144 0
24183 0
2184 0
3193 0
4371 0
15998 0
23866 0
26004 0
11822 0
21016 0
21169 0
2936 0
10354 0
18905 0
21563 0
15198 0
18067 0
18297 0
19781 0
10186 0
1327 0
6738 0
10825 0
25863 0
4382 0
2789 0
6641 0
15920 0
18233 0
24582 0
24583 0
6583 0
15960 0
15974 0
17564 0
18782 0
23883 0
14033 0
25383 0
22197 0
9255 0
20065 0
22917 0
23910 0
25572 0
25582 0
193 0
9993 0
10819 0
11231 0
12149 0
20129 0
23114 0
4878 0
5184 0
8643 0
11967 0
21779 0
24503 0
24942 0
2119 18
7637 18
11442 0
13651 0
81 0
1029 0
3819 0
869 0
3618 0
14709 0
122 0
6530 0
6707 0
6911 0
15479 0
3524 0
19927 0
19350 0
25959 0
7281 0
25597 0
727 0
8471 0
16649 0
18331 0
19469 0
1105 0
14985 0
17911 0
26127 0
20215 0
21333 0
18625 0
7584 0
12049 0
12763 0
17382 0
408 0
13834 0
17149 0
23267 0
5843 0
11213 0
25877 0
5361 0
18097 0
272 0
2912 0
11811 0
11840 0
19012 0
20305 0
4483 0
6175 0
6266 0
8215 0
8310 0
21401 0
4673 0
7475 0
11426 0
23673 0
26088 0
2797 0
9314 0
12291 0
12639 0
13292 0
13320 0
12664 0
1109 0
9126 0
10655 0
11610 0
12742 0
18445 0
4052 0
195 0
17208 0
19168 0
20119 0
21929 0
17589 0
6533 0
8155 0
14165 0
24204 0
25911 0
24506 0
24595 0
9483 0
25250 0
1258 0
12032 0
12797 0
21584 0
6434 0
21162 0
10879 0
11925 0
15082 0
18595 0
8787 0
11979 0
16274 0
22722 0
183 0
3982 0
9090 0
17543 0
18723 0
21090 0
24589 0
23145 0
7573 0
8193 0
16576 0
16889 0
18521 0
21391 0
244 0
1353 0
3286 0
4765 0
16900 0
18030 0
22246 0
3752 0
4650 0
15971 0
24174 0
16765 0
17017 0
17161 0
8925 7
16505 7
20255 7
21450 7
3743 0
839 0
2394 0
5848 0
7098 0
12642 0
21184 0
23149 0
4442 0
7935 0
25896 0
12406 0
16485 0
3034 0
6156 0
18381 0
19686 0
20335 0
22523 0
2451 0
2341 0
3508 0
12641 0
13068 0
23723 0
9713 0
1963 0
4302 0
8475 0
19022 0
26181 0
364 0
396 0
13616 0
15214 0
23266 0
5425 0
2784 0
16109 0
16224 0
21808 0
24161 0
21927 9
6626 9
10805 9
25069 9
25628 9
2239 0
10652 0
17984 0
22147 0
22979 0
24592 0
2877 0
3876 0
7481 0
9338 0
12611 0
12861 0
15175 0
22493 0
4301 0
16265 0
21614 0
7578 0
14834 0
15821 0
22100 0
11607 0
19351 0
2563 0
8437 0
12071 0
2770 0
6806 0
11806 0
8678 0
8301 0
267 0
24240 0
6632 0
8386 0
12187 0
13153 0
14345 0
10081 0
3185 0
13291 0
20547 0
20792 0
7885 4
19551 4
22190 4
9758 4
17006 4
1859 0
4298 0
15192 0
17274 0
18941 0
20902 0
21798 0
3631 0
23901 0
13702 0
14667 0
17874 0
18152 0
19978 0
199 0
16935 0
6482 0
24148 0
11629 0
17099 0
11325 0
11318 0
12720 0
25729 0
12743 0
21712 0
950 0
1265 0
1839 0
3063 0
3502 0
4446 0
5639 0
6009 0
6896 0
9736 0
9980 0
13470 0
15126 0
16881 0
17828 0
17875 0
18210 0
19140 0
19316 0
23095 0
23864 0
25910 0
25917 0
14286 0
17131 0
20940 0
6039 0
6176 0
6303 0
15161 0
20949 0
22879 0
18215 0
19051 0
21125 0
2656 48
14560 48
24251 48
1098 0
16107 0
26171 0
8150 0
16703 17
13202 17
22253 17
4128 17
5738 27
5478 27
6538 27
8349 27
12042 27
17252 27
18142 27
13501 0
16216 0
1490 30
20813 30
4781 0
6081 0
6919 0
19358 0
23616 0
4756 0
5497 0
8298 0
12709 0
18443 0
18658 0
18667 0
26157 0
450 0
11284 0
11910 0
23477 0
11923 0
4293 0
20616 0
11602 0
5636 0
17988 0
2883 0
4015 0
25189 0
2055 0
2560 0
4146 0
10926 0
12553 0
18668 0
15495 7
9264 7
12614 7
24970 7
10640 7
15247 7
17426 7
3037 0
9712 0
10726 0
16482 0
17990 0
23151 0
2339 0
24594 0
5477 0
13497 0
14496 0
19457 0
5529 0
5655 0
2771 0
5417 0
13352 0
13619 0
18585 0
20513 0
4117 0
16471 0
4199 0
6443 0
19932 0
19936 0
25864 0
2118 0
26132 0
17944 0
20884 0
200 0
492 0
4422 0
6708 0
7013 0
8151 0
9020 0
9021 0
9208 0
9722 0
16719 0
16882 0
17016 0
17022 0
19586 0
19678 0
24861 0
9994 31
17276 31
18383 31
12701 0
18879 0
11841 0
20550 0
4211 0
7104 0
11670 0
11876 0
17808 0
24121 0
25962 0
22283 44
15824 44
21195 0
15171 0
15305 0
17864 0
23417 0
4139 0
5698 0
9659 0
10496 0
11713 0
20002 0
25598 0
25607 0
25661 0
4138 0
11328 0
2455 48
14353 48
14886 48
2043 48
6315 48
21131 0
23859 0
5156 0
7483 0
10904 0
12707 0
14282 0
17933 0
294 6
8626 6
21546 0
11459 31
6706 31
8428 0
10637 0
18603 0
21340 0
12868 0
17180 0
17738 0
18154 0
16213 0
20383 0
24870 0
6703 0
12803 0
13999 0
15596 0
17592 0
18920 0
15657 0
10878 0
26020 0
11034 0
18764 0
22433 0
9093 0
13680 0
13346 0
6183 0
369 0
7727 0
16433 0
16570 0
5601 0
7645 0
13675 18
4186 18
12616 38
4485 38
16266 38
1822 0
6503 0
3773 0
12887 0
21695 0
1594 0
4774 0
5673 0
15382 0
16717 0
19603 0
15172 0
17076 31
19018 31
17595 31
5078 0
25172 0
11035 0
21864 0
4284 0
9643 0
13837 0
15194 0
15623 0
17250 0
23470 0
25094 0
26067 0
6056 0
17289 0
23051 0
8823 0
9194 0
6635 0
9216 0
19019 0
22507 0
5519 0
5730 0
11047 0
15252 0
21289 0
26167 0
25112 0
13389 0
6185 0
23224 0
24412 0
5363 0
253 0
4634 0
17122 0
21051 0
2259 19
10317 19
11816 19
6448 0
1346 0
2136 0
9591 0
17453 0
309 0
2186 0
6012 0
10677 0
11030 0
13704 0
17015 0
23946 0
25611 0
1050 18
17120 18
9595 31
6744 31
1125 0
8055 0
8526 0
9486 0
11537 13
12453 0
18880 0
18909 0
19962 0
23476 0
19078 0
20427 0
8520 0
16177 0
21100 0
21156 0
9125 0
15943 0
15626 0
1154 19
12017 19
12930 19
8704 19
17591 19
12161 39
19162 39
1093 0
3059 0
9649 0
10251 0
25903 0
4143 0
6808 0
7802 0
17127 0
20554 0
21777 0
22108 0
23555 0
25718 0
4247 0
4250 0
8726 0
9491 0
11379 0
11405 0
15196 0
15938 0
17126 0
17764 0
232 0
1075 0
8737 0
13481 0
13862 0
16742 0
24402 0
128 0
4353 0
6558 0
6920 0
14865 0
15941 0
16877 0
10000 0
17337 0
21634 0
851 0
2713 0
13199 0
16837 0
18032 0
19568 0
20004 0
1341 0
1408 0
4273 0
5259 0
7355 0
9143 0
14357 0
16332 0
19940 0
853 0
8441 0
16070 0
16087 0
17231 0
19434 0
23944 0
24499 0
10062 0
23681 0
23727 0
2169 0
5938 0
16084 0
18724 0
18739 0
19581 0
20954 0
23991 0
6629 0
8786 0
14078 0
22088 0
22224 0
4641 0
17937 0
21660 0
12056 0
2761 0
14647 0
4269 0
26159 0
3066 0
5434 0
7991 0
8116 0
11609 0
15384 0
16946 0
17612 0
15528 0
163 0
3825 0
20893 0
10910 0
25777 0
14771 47
24127 47
2143 0
12118 0
15329 0
25116 49
12689 49
17560 49
21697 49
17599 0
19442 0
12419 0
3507 0
11626 0
19313 0
21755 0
19356 0
23465 34
598 34
5255 0
8864 0
16131 0
16235 0
16280 0
17137 0
23810 0
1728 0
5656 0
6082 0
18488 0
22610 0
6390 0
5731 15
6280 0
1499 0
20261 0
24002 0
23653 0
5225 16
3849 16
7010 16
7506 16
9312 16
20781 16
8728 16
11227 0
5862 0
7959 0
17569 0
18973 0
19207 0
19580 0
3988 16
16348 16
4017 17
7888 17
17291 17
1008 0
2185 0
8369 0
11824 0
12066 0
16888 0
20808 0
21815 0
1985 0
9763 0
21657 0
16225 0
21404 0
26058 0
9893 0
20526 0
5202 0
17800 0
21995 0
3188 0
3136 0
9248 0
11108 0
13966 0
4189 0
16234 0
17251 0
18373 0
20557 0
19871 0
25526 0
23786 7
25534 7
11631 7
11861 0
18580 0
18623 0
20217 0
25436 0
21588 0
17797 0
1667 0
4258 0
5608 0
5771 0
6675 0
7386 0
16264 0
17401 0
18741 0
19895 0
20315 0
23741 0
25107 0
25439 0
16281 6
24728 6
2762 18
22378 18
9986 0
11719 0
4467 15
21658 0
23490 0
1669 0
12703 0
5260 0
6810 0
13636 0
16696 0
17739 0
19605 0
5838 0
11572 0
21630 0
6073 0
9391 0
2059 0
11746 0
21800 0
22372 0
6465 0
11563 0
15891 0
17385 0
1599 23
5812 0
17248 0
20618 0
20853 0
9392 0
24252 0
13422 21
16349 0
11939 0
17191 0
1350 0
1023 0
1675 0
2512 0
3058 0
11815 0
20924 0
23420 0
19464 0
23968 0
9597 0
11820 0
17019 0
17121 0
7811 0
22269 0
25272 0
1787 0
1279 0
14550 0
15258 0
7071 0
8195 0
15951 0
400 0
4379 0
6541 0
6905 0
8216 0
14498 0
17502 0
17740 0
5408 0
19609 0
11066 0
2340 0
2443 0
6918 0
7650 0
8184 0
8625 0
14369 0
15395 0
17583 0
25977 0
18684 0
19501 0
20942 0
17724 0
25957 0
25958 0
8263 0
12046 0
19126 0
2182 0
3553 0
15571 0
10918 0
20253 0
15388 18
15387 18
3955 0
10532 0
7524 0
8721 0
15005 0
15372 0
16022 0
18685 0
22083 0
22105 0
11522 29
8857 29
12235 29
22129 29
25387 29
2826 29
23216 29
8530 47
10906 47
21144 47
1073 0
18399 0
14149 0
3750 0
8147 0
11616 0
14662 0
16648 0
19560 0
22199 0
23530 0
4289 0
9135 0
12160 0
19809 0
4027 0
7450 0
836 0
16747 0
18193 0
9095 0
12043 0
18742 0
22890 0
26044 0
8876 0
10990 0
4255 0
4771 0
5251 0
18256 0
18337 0
20236 0
11279 0
9832 0
17750 0
22976 0
25609 0
124 0
14319 0
15663 0
16937 0
18052 0
20258 0
9151 0
25856 0
2047 0
3632 0
15383 0
24385 0
3716 0
8391 0
14497 0
24101 0
2388 0
16955 0
12981 0
19642 0
7592 0
8179 0
7579 0
21653 0
5542 0
4080 0
14747 0
17463 0
19324 0
20567 0
21550 0
24220 0
25179 0
25553 0
25554 0
11468 0
11470 0
17804 0
17294 0
2309 0
6532 0
8553 0
4633 0
11593 0
16818 0
23648 0
939 0
1834 0
5056 0
13664 0
14037 0
16940 0
19613 0
16335 0
6913 0
3594 0
10024 0
23713 0
10376 0
15325 0
20344 0
2001 0
3633 0
23064 0
5083 34
5084 34
8711 34
12712 0
14324 0
21409 0
17124 0
25719 0
8261 0
11464 0
17997 0
20662 0
22837 0
2316 0
11929 0
350 42
951 42
25676 42
2532 0
14067 0
20086 0
21772 0
15715 0
925 39
8615 39
6506 0
9037 0
13483 0
14711 0
23623 0
23686 0
864 0
1311 0
3983 0
26013 0
17882 0
18379 0
18217 0
26173 0
21297 0
18447 0
21165 0
4988 0
17125 0
9913 0
22382 0
17884 0
20538 0
24032 0
2009 0
7309 0
8156 0
8403 0
16011 0
22929 0
22993 0
8732 0
10022 0
14932 0
16659 0
22377 0
22806 0
14809 0
22953 0
23950 0
18489 0
95 0
15524 0
3291 0
12696 0
14869 0
6190 0
10656 0
11002 0
11403 0
20106 0
24060 0
25610 0
22693 0
23920 0
4458 0
5547 0
5659 0
7883 0
8387 0
12313 0
15160 0
19325 0
21205 0
22831 0
1556 3
11965 3
14096 3
23154 3
15191 0
5212 0
6628 0
19015 0
19444 0
25139 0
9441 0
10388 0
8222 0
21495 0
6807 0
2075 0
3873 0
4182 0
10439 0
14619 0
2044 0
4490 0
17001 0
18013 0
9147 0
24398 0
5216 0
17290 0
20155 0
1045 0
6265 0
5402 0
15947 0
2203 0
7594 0
21130 0
21615 0
2622 0
4960 0
16270 0
16102 0
17956 0
20375 0
22463 0
3878 0
16584 0
2997 0
6888 0
11664 0
4712 0
11017 0
7632 0
14170 0
20414 0
11427 0
5240 0
9074 0
12425 0
18275 0
20636 0
4640 0
19248 0
11109 0
21562 0
21149 0
312 0
16545 0
12786 0
13673 0
7958 0
25130 0
14543 0
21221 0
9266 0
2750 0
20668 0
3068 0
5631 0
16067 0
19569 0
2917 0
6031 0
2010 0
8064 0
20599 0
179 0
547 0
1829 0
1982 0
3178 0
4989 0
18870 0
20062 0
22464 0
6878 0
11528 0
22244 0
11812 0
24248 0
8122 0
9769 0
15253 0
16647 0
22489 0
23412 0
25443 0
8511 0
22503 0
13604 0
4704 0
8801 0
12695 0
15125 0
15420 0
25204 0
385 0
1323 0
1606 0
7072 0
9890 0
12849 0
14377 0
17981 0
18234 0
21220 0
22225 0
23506 0
23620 0
24332 0
376 31
2611 31
16620 31
1908 31
16621 31
12106 0
1267 0
1511 0
15793 0
18102 0
20772 0
23248 0
26193 0
10872 0
2666 0
24250 0
9630 28
10252 28
16820 28
22830 0
14159 36
5144 36
24852 36
8869 36
299 0
14174 0
18746 0
22051 0
22075 0
24713 0
14616 0
17817 0
2356 0
6337 0
17419 0
18105 0
2773 0
5661 0
6529 0
6543 0
16486 0
8523 0
19964 0
2342 0
2516 0
21998 0
941 0
13712 0
16727 0
22321 0
23383 0
25442 0
19980 0
5957 0
7716 0
11233 0
14090 0
18397 0
25541 0
2249 0
6077 0
6611 0
8672 0
19955 0
21832 0
3316 0
9759 0
11865 0
3199 48
19507 48
12798 48
855 0
4261 0
7772 0
23299 0
8871 0
17090 0
3772 0
4104 0
4431 0
4967 0
11152 0
15616 0
16262 0
18995 0
19562 0
22087 0
22109 0
22839 0
23683 0
24477 0
25304 0
14854 0
24489 0
6835 0
24219 0
3321 0
1151 0
2410 0
3843 0
6301 0
10247 0
15414 0
18743 0
22032 0
22903 0
23674 0
24294 0
24706 0
25998 0
2124 0
3293 0
5825 0
628 0
9413 0
13641 0
1962 0
1613 21
13992 21
15217 21
15665 21
16154 21
21159 21
915 21
10438 21
18624 21
20558 21
10026 0
15316 0
17249 0
18066 0
12787 0
21621 0
24877 0
93 0
17343 0
20328 0
9103 0
10684 0
11878 0
18557 0
21101 0
19909 0
23474 0
7093 16
8000 16
17395 16
18582 16
22375 16
23419 16
2593 39
10433 39
3231 0
4705 0
4773 0
6411 0
8549 0
10500 0
16352 0
17546 0
19808 0
21931 0
22369 0
22466 0
25159 0
22815 0
29 0
16751 0
750 0
19641 0
23480 0
23652 0
1278 0
778 0
1048 0
16743 0
22235 0
4376 0
18246 0
3718 0
7511 0
6642 0
17277 0
18209 0
7247 0
9459 0
11829 0
10338 0
7523 0
12458 0
12460 0
14844 0
16651 0
19378 0
161 0
97 0
3105 0
11418 0
19583 0
21821 0
22719 0
21684 0
22720 0
24169 0
16872 0
24816 12
9871 12
17179 12
19996 0
380 0
20078 0
5061 0
20317 0
12411 0
8922 0
9488 0
17182 0
22894 0
10041 0
13995 0
10383 0
13319 0
16115 0
21583 0
25229 0
2074 0
10996 0
19080 0
751 0
2655 0
20008 0
25866 0
2087 0
2993 0
4377 0
6271 0
7023 0
13404 0
1563 0
2457 0
3534 0
4639 0
5065 0
6387 0
14379 0
15145 0
15562 0
15708 0
15714 0
15805 0
17345 0
17580 0
17584 0
18396 0
18952 0
19677 0
20231 0
23241 0
24616 0
24617 0
24819 0
1157 0
16334 0
9922 0
2504 0
19585 0
9987 0
21554 0
19598 36
11216 36
13815 36
7463 0
12318 0
15150 0
19800 0
7695 0
3827 0
8595 0
14691 0
7025 0
25540 0
3239 19
11465 19
11577 19
6666 13
17986 13
21190 13
9217 0
2596 13
23462 13
23464 13
25644 13
3452 0
6442 0
9968 0
14383 0
14652 0
17681 0
20587 0
21592 0
2144 0
2774 0
3055 0
3652 0
3655 0
3766 0
3814 0
6388 0
7096 0
9249 0
12051 0
12423 0
12885 0
14808 0
15173 0
15189 0
15999 0
18942 0
19705 0
20250 0
21030 0
21825 0
25108 0
13684 0
18283 0
19301 0
21814 0
1404 0
2562 0
11199 0
18552 0
17141 39
11462 39
11612 0
24944 0
5814 0
17690 0
1656 36
4040 36
5828 36
11842 36
21531 36
1992 0
3102 0
12414 0
18562 0
24439 0
14431 0
20537 0
20543 0
21339 0
1092 43
3196 43
23226 43
4033 0
20782 0
23730 0
4625 0
12296 0
20959 0
3119 0
19004 0
7103 0
2503 0
5465 0
18141 0
20663 0
7384 0
6944 0
12660 0
14372 0
26178 0
7024 0
17393 0
17827 0
24207 0
1281 0
3653 0
10163 0
12551 0
17588 0
18621 0
25287 0
9962 0
2506 0
10682 0
22428 0
6354 18
15188 18
19060 0
10004 0
25234 0
18314 0
3684 0
5395 0
5445 0
11141 0
18370 0
19447 0
20434 0
4263 0
6859 0
17999 0
18282 0
9959 42
6008 42
20914 42
5081 31
12256 31
17237 31
8877 0
3280 0
13191 0
13013 0
18899 0
21293 0
1107 33
6973 33
2950 0
9335 0
25235 0
25668 0
6455 0
19801 0
65 0
358 0
8504 0
21152 0
19379 0
19247 16
18586 0
27 0
11114 0
19081 0
24726 0
12320 41
12321 41
19222 41
18344 0
3292 0
10391 0
1857 0
3967 0
12053 0
880 0
252 0
15418 0
4019 0
5626 0
24957 0
4148 0
9863 0
8457 0
15478 0
24203 0
8557 40
8308 40
21288 40
26191 40
3516 20
7053 20
12618 20
13144 20
15413 20
18634 20
1378 0
7877 0
3852 0
11622 0
15422 0
2984 31
8731 31
10564 31
8970 31
15187 31
3850 0
9128 0
113 0
4103 0
12312 0
17994 0
20947 0
26021 0
3204 0
25937 0
2476 0
18984 0
187 31
1821 31
21386 31
866 0
17825 0
20173 0
6305 0
7726 0
14870 0
14872 0
20316 0
1493 0
2452 0
3811 0
9027 0
14153 0
1436 0
20064 0
20331 0
13864 0
21154 0
10133 18
18218 18
3067 18
18721 18
1293 0
2621 0
2623 0
3283 0
3812 0
3820 0
3824 0
4834 0
5131 0
6222 0
6456 0
6525 0
6868 0
7525 0
8448 0
9433 0
12802 0
13482 0
13526 0
14157 0
14373 0
15148 0
17600 0
17819 0
17823 0
17824 0
18000 0
18444 0
22324 0
22901 0
24474 0
24479 0
24615 0
26039 0
844 0
890 0
11197 0
13035 0
16110 0
26130 0
1916 0
20953 0
24463 0
15706 48
374 48
20776 48
25449 0
24341 0
23135 0
17818 0
19697 0
23219 0
23809 0
11583 0
19252 0
3195 0
24597 37
17280 37
2785 37
3682 37
19956 37
2879 4
7861 31
2355 31
12704 31
17297 0
16227 0
25219 0
25089 0
820 0
2515 0
194 47
8628 47
4425 0
7278 0
14559 0
2459 0
6380 0
1025 0
1026 0
1696 0
15197 0
18195 0
13832 0
17114 0
20489 0
7088 0
7546 0
8146 34
21028 34
23418 0
10897 18
5548 18
15898 0
11924 0
25437 0
6159 0
19554 0
24878 0
5577 45
23881 45
12387 0
19520 0
23084 0
23554 0
19931 0
23553 0
22888 0
12547 0
25181 0
12617 48
17388 48
6037 48
3431 0
164 0
2142 0
13283 0
23858 0
24601 0
800 42
13167 42
15485 42
20260 0
4275 0
4081 0
13625 0
17878 0
24471 0
18122 0
1699 0
2303 0
7878 0
8541 0
8593 0
17575 0
17683 0
17923 0
18771 0
24593 0
25875 0
12645 0
16803 0
12749 0
16819 0
24034 0
17861 0
5415 0
4380 0
16756 0
3100 34
18098 34
16729 0
2049 0
9915 0
19380 42
1695 42
1825 0
6226 0
14317 0
20775 0
4469 0
9618 48
11285 48
12193 48
2306 0
10514 0
3964 0
4018 0
9414 0
12640 0
16608 0
16800 0
4051 0
21187 0
21313 0
26092 0
11879 0
21310 0
2803 0
2295 0
5826 0
22 0
11183 0
19440 0
22618 0
25043 0
3074 36
23416 36
1101 0
9030 0
17854 0
22487 0
25891 0
1823 0
2003 0
22031 0
885 0
2505 0
17192 0
19911 0
25487 0
6229 48
6423 48
7647 48
1966 0
8048 0
15717 0
10847 45
10148 45
4875 0
4488 0
15913 0
11009 31
20157 31
21344 31
22990 31
23471 31
3206 19
6535 19
6579 19
2386 0
16941 0
8446 0
18597 0
11502 0
11903 0
12157 0
12158 0
24210 0
12290 19
17307 19
20031 19
1860 0
3073 0
4000 0
17173 31
3685 0
25853 45
8404 45
25 45
22891 45
28 36
7916 36
21515 36
21523 36
4656 0
18196 0
23303 0
24841 0
4265 0
5267 0
5271 0
7597 0
7638 0
7648 0
11844 4
7854 4
1668 0
4835 0
15007 13
10559 18
18245 18
10445 0
21594 0
22738 0
6389 17
6914 17
18279 17
7468 6
10002 6
12041 39
14384 39
17341 0
24470 0
15186 0
8443 31
15248 31
13683 0
21203 0
21778 0
26042 0
3451 0
7038 0
17951 6
833 6
2810 0
18145 0
21799 0
192 0
4826 8
4021 8
26022 8
6161 31
7055 31
19712 0
21024 0
8071 0
17178 0
23215 0
3062 0
16892 0
19572 0
7857 0
11968 0
19810 0
14841 0
920 0
25904 0
25829 0
25849 0
13355 0
13022 39
8077 39
6300 34
2117 34
5182 0
13311 0
1879 0
21548 0
21809 0
15609 0
21177 0
1174 0
2712 0
14176 0
21018 31
5479 31
16124 19
20807 19
24334 19
16415 0
7046 0
14710 0
15682 0
17157 0
23093 0
21547 0
15357 0
6076 0
7311 0
8629 0
12615 0
15163 0
16483 0
17731 0
18913 0
13990 0
4555 0
7482 0
15681 0
20793 0
10346 0
15687 0
19143 0
19383 0
6291 0
19223 0
19739 0
20568 0
8452 0
22233 0
12612 0
14843 0
19208 0
20569 0
17585 18
15218 18
19703 0
7957 6
18895 6
4825 0
8037 0
9593 0
14621 0
19608 0
15250 0
15589 0
4836 0
11898 0
1028 0
9924 0
12262 0
15181 36
2331 36
17461 0
188 0
22920 0
373 39
21579 39
23775 0
11012 0
8198 0
13010 0
320 0
1897 0
5602 0
6024 0
17464 0
17590 0
18042 0
21315 0
22770 0
5483 0
18884 0
22727 0
2487 0
3052 0
6711 0
16232 0
22725 0
14991 0
20560 0
10356 47
19062 47
8973 0
14600 0
23138 0
4372 0
10880 0
16598 0
3851 0
7011 0
8702 0
18159 0
15200 0
15617 0
7807 0
11828 0
2352 0
1855 0
2527 0
5057 0
7094 0
10432 0
5774 0
16891 0
2624 36
24202 36
21314 0
15572 39
7356 39
22556 0
19102 0
748 0
8811 18
22021 18
2332 42
18544 42
21596 42
16783 42
15642 42
17563 42
12252 0
22404 0
9026 0
18669 0
19866 0
25545 0
8538 0
19450 0
7536 0
7534 0
3383 0
1344 39
18126 39
1322 0
10925 0
15195 0
16068 0
17467 0
11611 0
20779 0
24490 0
4276 32
24159 32
717 32
17865 32
1376 45
4267 45
1289 47
1560 47
4365 47
1915 0
12263 0
22000 31
25136 31
15259 31
348 48
5660 48
15847 48
16155 0
315 0
5629 0
10499 0
16718 0
25599 0
11969 19
1967 19
18996 19
832 0
3387 0
4703 0
7447 0
9764 0
10117 0
14340 0
14370 0
15006 0
16231 0
16590 0
16730 0
19957 0
21848 0
22320 0
15712 6
19596 6
5365 0
7769 0
15977 0
17118 0
1292 26
6648 26
10341 26
14840 26
16040 27
10936 5
19509 5
19510 5
23687 5
17293 31
15668 31
25614 31
26006 31
22394 0
10178 43
3744 43
24133 43
19256 0
3989 6
17471 6
510 0
22285 0
10679 31
115 31
5268 31
8671 31
23757 14
830 14
16802 14
9053 18
12504 18
10850 0
12644 0
20528 0
1589 6
7603 6
23759 36
15208 36
1561 0
4484 0
22379 0
21558 0
19683 0
22744 0
22746 0
1981 35
5468 35
5668 35
6908 35
8187 35
18034 35
19879 35
25444 35
3818 0
3388 0
6735 0
23167 0
2806 0
9209 0
914 0
2243 0
3442 0
5162 0
18633 0
5119 17
10517 17
13036 0
6446 39
8036 39
25114 0
21544 0
13 0
7596 0
11196 0
19170 0
7090 0
6350 0
4495 0
8372 0
11823 0
13628 0
15246 0
16014 0
20332 0
23710 0
5137 47
6884 47
1013 17
19011 17
2123 17
71 0
20803 48
6356 48
25231 48
1551 19
8058 19
2328 19
8336 0
24464 0
12745 0
19023 0
10468 0
8398 0
9327 0
8739 18
13357 18
25115 18
25852 18
403 0
3200 48
4264 48
17468 48
25510 6
3279 6
1782 0
13521 0
18784 0
8976 0
3910 0
10513 0
25059 0
25595 0
7477 19
19257 19
22961 19
19906 0
26102 0
13749 0
12121 0
13034 0
6079 36
19941 36
14135 0
13325 0
14502 0
20926 0
15899 0
16338 18
21390 18
82 0
3844 0
7595 0
8118 0
15802 0
15688 47
22692 47
4955 6
4954 6
5409 18
8623 18
11926 0
8340 0
5839 0
7026 0
12192 0
3053 0
20883 42
787 42
12940 42
2222 36
2215 36
10792 36
15695 36
20422 36
21309 36
20379 36
1549 27
22766 27
23168 27
24732 27
4272 0
2557 0
2247 33
9606 33
4958 33
5973 33
10884 33
12122 33
16353 33
1427 0
11037 0
2981 31
4427 31
6669 6
9865 6
8449 0
13490 0
19528 0
22577 0
25440 0
18366 0
25217 0
4750 0
19147 0
20174 0
7588 34
7590 34
3599 0
14130 0
14302 31
5432 31
12676 31
11721 31
12151 31
15221 31
11792 0
16831 0
5667 45
3297 45
14770 45
23461 45
2329 0
24846 0
8367 0
14894 0
1670 0
22927 0
3362 42
3347 42
16957 42
8969 0
25649 0
25839 0
2938 0
18581 0
1024 0
12552 0
16513 0
21593 0
22325 0
18970 0
2409 0
3522 0
4286 0
4288 0
18278 0
2201 19
14868 19
16226 19
5211 0
11028 0
21171 0
22730 0
1187 47
6290 47
8161 0
12054 0
21468 0
13677 34
18288 34
23206 34
4110 17
16523 17
17696 17
15641 39
5466 39
12801 39
19548 39
10352 0
15423 0
18144 0
4959 0
6867 0
19110 0
9149 48
17346 48
20319 48
16042 0
5533 0
782 0
11539 0
15227 0
16655 0
18151 0
21811 0
254 36
7572 36
20150 35
22312 35
25226 35
23621 6
11623 6
23306 20
5960 0
8705 0
11662 0
14094 0
19014 0
24575 17
8255 17
14842 17
3719 0
5067 0
6907 0
8072 0
8375 0
9025 0
13649 0
19545 0
25060 0
25289 0
15683 0
19923 0
20664 0
21824 0
25359 0
1989 0
4106 0
7515 0
17782 0
18231 0
18628 0
17785 0
15583 0
24272 0
18091 0
24456 0
25211 0
11971 0
938 0
5087 0
17936 45
7636 0
12554 0
4278 45
18183 45
10522 0
10561 0
25678 0
1660 0
3377 0
23068 0
25631 0
1383 0
6737 0
9988 0
14620 0
822 31
9518 31
16358 31
18238 10
4777 10
15396 10
26180 10
19064 10
360 0
2304 0
7602 0
8307 0
9514 11
1959 11
9723 11
21713 45
25470 45
5446 42
5632 42
20433 42
18558 0
10818 31
11016 31
25596 31
6513 0
25138 0
17275 0
16801 0
19451 0
9579 0
16932 0
6534 0
11561 0
22381 0
12863 6
18390 6
1836 18
8400 18
13387 0
22048 0
23424 31
8153 31
15182 31
16728 31
22319 31
8054 6
24504 6
22605 39
21623 39
7479 0
2754 0
5511 0
7265 0
10056 0
13390 0
25176 0
10382 39
25482 39
2223 0
4266 0
20216 0
16643 18
20035 18
6170 0
8881 0
16609 0
372 6
14131 6
12113 0
16886 0
142 0
18626 0
8735 18
25062 18
1793 0
5481 0
3754 0
8185 0
16496 0
9039 0
11911 0
18613 0
10497 0
357 0
23300 0
24960 0
21303 6
734 6
19221 0
17470 0
18772 0
21949 18
18194 18
5697 0
14358 0
8558 36
13717 36
8534 47
8676 47
14639 0
2073 0
1662 20
2613 20
9224 0
10154 0
11410 0
16830 0
4144 42
18596 42
23771 42
16622 0
18454 0
13031 31
8738 31
13334 31
13620 31
16312 36
16314 36
20515 0
23915 0
12266 0
15678 0
17134 0
21436 0
23146 0
23488 0
25575 0
11991 18
3186 18
14182 6
17537 6
15358 42
18036 42
18338 42
9631 0
10898 0
14175 19
12307 19
22980 19
5387 18
18156 18
19145 6
23760 6
1983 0
13012 0
20943 0
22110 0
5231 0
22311 47
20084 47
6576 34
1621 34
7109 34
9018 0
14374 0
18299 0
19687 0
12751 18
6307 18
13486 17
4259 17
18688 17
4630 0
9921 0
10672 0
12512 0
831 18
11280 18
15154 18
14132 18
4034 0
9715 0
9717 0
8512 0
25492 0
25511 0
1798 48
4828 48
5404 48
24462 18
11641 18
14338 18
22729 18
677 0
4426 0
4242 0
19466 19
7543 19
24128 19
17581 0
10446 0
11411 47
24242 47
5853 18
5492 18
9979 0
18094 0
8870 0
9831 18
12473 18
18388 34
20654 34
9867 0
4037 0
25663 0
4196 6
15401 6
1051 42
4245 42
25664 42
24140 0
16823 0
5571 0
13802 0
19553 0
25447 0
15962 0
19892 48
18417 48
4643 0
20320 0
14990 45
25975 45
24708 0
19443 0
23492 0
8395 31
8725 31
11054 31
14763 39
4432 39
5062 0
19881 0
20766 18
11718 18
15553 47
15374 47
5490 45
8474 45
1976 1
23672 1
12295 0
9189 0
2116 0
9765 0
9774 0
12034 0
17935 0
12248 34
98 34
10116 0
4181 6
17992 6
8409 18
2248 18
11579 39
15073 39
16922 0
20925 0
22645 0
13415 0
7585 0
15386 0
23772 44
735 44
6078 0
74 0
2298 0
16129 0
8717 0
10638 0
13558 25
8669 25
9038 25
12213 25
21710 25
22318 25
24888 25
22728 0
2561 47
23094 47
1969 19
8472 19
24141 19
16971 0
5228 0
20170 0
18608 42
14339 42
22816 42
7280 0
7267 0
20309 0
8891 48
11893 48
25667 48
6776 18
24733 18
18455 0
2334 0
10180 0
17587 0
11215 0
23156 0
23970 0
7718 0
19502 0
3748 36
17503 36
10602 39
20805 39
11467 47
19575 47
4038 46
7058 46
23811 46
1878 19
12338 19
15800 19
9130 6
25095 6
20066 0
1010 6
2749 6
5829 0
11642 18
25230 18
5256 19
5257 19
22827 19
16015 44
22938 44
15774 29
20333 45
4262 45
6701 6
10407 6
5406 6
22435 6
11120 22
16340 22
17851 22
20233 22
4366 6
410 6
9211 39
13413 39
19473 0
23812 0
24214 39
4116 39
25496 0
19314 0
19880 0
25543 0
26019 0
26048 0
24820 0
20707 0
5486 36
8366 36
5261 6
6282 6
18908 34
25531 34
12050 18
5364 18
14 18
14171 18
14845 19
5232 19
19521 19
