# Oregon-1.txt 10670 22002 5
0 0
1 0
2 0
3 0
4 3
5 0
6 0
7 0
8 0
9 0
10 0
11 0
12 0
13 0
14 0
15 0
16 0
17 0
18 0
19 0
20 3
21 0
22 0
23 0
24 0
25 0
26 0
27 0
28 0
29 3
30 0
31 0
32 0
33 0
34 0
35 0
36 0
37 0
38 4
39 0
40 0
41 0
42 0
43 0
44 0
45 0
46 0
47 0
48 4
49 3
50 0
51 0
52 0
53 0
54 0
55 0
56 0
57 0
58 0
59 0
60 3
61 1
62 1
63 0
64 0
65 0
66 0
67 0
68 0
69 2
70 0
71 0
72 0
73 0
74 3
75 0
76 0
77 0
78 0
79 0
80 0
81 0
82 0
83 4
84 0
85 0
86 0
87 0
88 0
89 0
90 0
91 0
92 0
93 1
94 0
95 3
96 0
97 0
98 1
99 0
100 0
101 4
102 0
103 0
104 0
105 0
106 3
107 0
108 0
109 0
110 0
111 0
112 0
113 3
114 0
115 3
116 0
117 0
118 0
119 0
120 0
121 0
122 0
123 0
124 3
125 0
126 0
127 2
128 0
129 0
130 0
131 0
132 0
133 0
134 0
135 0
136 0
137 0
138 2
139 3
140 0
141 0
142 0
143 0
144 2
145 0
146 0
147 0
148 0
149 0
150 0
151 0
152 2
153 0
154 0
155 0
156 0
157 0
158 0
159 0
160 0
161 0
162 0
163 0
164 0
165 3
166 3
167 0
168 0
169 0
170 0
171 0
172 0
173 0
174 0
175 0
176 0
177 1
178 0
179 0
180 3
181 0
182 0
183 0
184 0
185 0
186 0
187 0
188 0
189 0
190 0
191 0
192 0
193 3
194 0
195 3
196 3
197 0
198 0
199 0
200 0
201 0
202 0
203 0
204 0
205 2
206 0
207 0
208 0
209 0
210 0
211 0
212 1
213 0
214 0
215 0
216 0
217 0
218 0
219 0
220 0
221 0
222 0
223 0
224 0
225 0
226 0
227 0
228 0
229 0
230 0
231 0
232 0
233 3
234 0
235 0
236 0
237 3
238 0
239 0
240 0
241 0
242 0
243 0
244 0
245 0
246 3
247 2
248 0
249 0
250 0
251 0
252 0
253 0
254 0
255 0
256 0
257 0
258 0
259 0
260 0
261 0
262 0
263 0
264 0
265 0
266 3
267 0
268 0
269 0
270 0
271 0
272 0
273 2
274 0
275 0
276 0
277 0
278 0
279 4
280 0
281 0
282 0
283 0
284 0
285 1
286 0
287 2
288 0
289 0
290 0
291 0
292 0
293 1
294 0
295 0
296 0
297 0
298 0
299 0
300 0
301 0
302 1
303 0
304 0
305 0
306 0
307 0
308 0
309 0
310 0
311 4
312 0
313 0
314 0
315 0
316 0
317 0
318 1
319 0
320 0
321 0
322 0
323 0
324 0
325 0
326 0
327 1
328 2
329 2
330 0
331 1
332 0
333 0
334 0
335 0
336 0
337 0
338 0
339 0
340 0
341 0
342 0
343 0
344 3
345 4
346 0
347 1
348 0
349 0
350 1
351 0
352 0
353 0
354 0
355 0
356 0
357 0
358 0
359 3
360 0
361 0
362 0
363 0
364 0
365 0
366 0
367 0
368 0
369 0
370 0
371 0
372 0
373 2
374 0
375 0
376 0
377 0
378 0
379 0
380 0
381 0
382 0
383 0
384 0
385 0
386 0
387 0
388 1
389 0
390 0
391 0
392 0
393 0
394 0
395 3
396 0
397 0
398 0
399 0
400 0
401 0
402 0
403 0
404 0
405 0
406 0
407 0
408 0
409 0
410 0
411 0
412 0
413 0
414 3
415 2
416 0
417 0
418 0
419 0
420 0
421 0
422 0
423 0
424 0
425 0
426 0
427 0
428 3
429 3
430 0
431 0
432 1
433 0
434 0
435 0
436 0
437 0
438 0
439 1
440 0
441 0
442 0
443 0
444 0
445 0
446 0
447 0
448 0
449 0
450 0
451 0
452 0
453 0
454 0
455 0
456 0
457 0
458 3
459 0
460 0
461 0
462 1
463 0
464 0
465 2
466 0
467 0
468 2
469 0
470 0
471 3
472 0
473 0
474 0
475 0
476 2
477 0
478 0
479 0
480 0
481 0
482 3
483 0
484 0
485 0
486 1
487 1
488 0
489 0
490 0
491 0
492 0
493 0
494 0
495 1
496 0
497 0
498 0
499 0
500 0
501 0
502 0
503 0
504 0
505 0
506 0
507 0
508 0
509 0
510 1
511 0
512 0
513 3
514 3
515 0
516 0
517 0
518 0
519 0
520 0
521 0
522 0
523 0
524 0
525 3
526 0
527 0
528 0
529 0
530 2
531 0
532 0
533 0
534 0
535 2
536 0
537 0
538 0
539 0
540 0
541 0
542 0
543 0
544 0
545 0
546 0
547 3
548 0
549 0
550 2
551 0
552 0
553 0
554 0
555 3
556 0
557 0
558 1
559 0
560 0
561 0
562 0
563 3
564 0
565 1
566 0
567 0
568 0
569 0
570 0
571 1
572 1
573 0
574 1
575 0
576 0
577 0
578 0
579 0
580 0
581 0
582 0
583 0
584 0
585 0
586 0
587 0
588 0
589 3
590 0
591 2
592 0
593 2
594 0
595 0
596 3
597 0
598 0
599 0
600 0
601 0
602 0
603 0
604 4
605 0
606 0
607 0
608 2
609 0
610 0
611 0
612 0
613 3
614 0
615 0
616 0
617 1
618 0
619 0
620 0
621 1
622 0
623 0
624 0
625 0
626 0
627 0
628 0
629 0
630 0
631 0
632 0
633 0
634 3
635 1
636 0
637 0
638 0
639 0
640 0
641 0
642 0
643 3
644 0
645 0
646 0
647 1
648 2
649 0
650 0
651 0
652 0
653 0
654 0
655 0
656 0
657 2
658 1
659 0
660 0
661 0
662 0
663 0
664 1
665 0
666 0
667 0
668 1
669 2
670 0
671 3
672 0
673 0
674 0
675 0
676 3
677 0
678 0
679 0
680 0
681 0
682 0
683 1
684 0
685 0
686 0
687 0
688 0
689 0
690 0
691 0
692 0
693 0
694 0
695 0
696 0
697 0
698 0
699 0
700 0
701 0
702 0
703 1
704 0
705 0
706 0
707 0
708 0
709 1
710 0
711 3
712 3
713 0
714 0
715 0
716 0
717 0
718 0
719 0
720 2
721 0
722 0
723 0
724 0
725 0
726 0
727 4
728 1
729 0
730 0
731 0
732 0
733 0
734 0
735 0
736 0
737 0
738 0
739 0
740 0
741 0
742 3
743 1
744 0
745 1
746 0
747 0
748 2
749 0
750 0
751 3
752 0
753 0
754 0
755 0
756 0
757 0
758 0
759 4
760 0
761 1
762 0
763 0
764 0
765 0
766 3
767 0
768 0
769 2
770 0
771 3
772 0
773 0
774 0
775 2
776 0
777 0
778 0
779 2
780 4
781 0
782 2
783 0
784 1
785 0
786 0
787 0
788 0
789 0
790 0
791 0
792 0
793 0
794 0
795 0
796 0
797 0
798 0
799 0
800 1
801 3
802 2
803 2
804 0
805 0
806 0
807 0
808 1
809 1
810 3
811 0
812 0
813 0
814 0
815 1
816 0
817 1
818 0
819 0
820 1
821 0
822 1
823 1
824 1
825 1
826 1
827 2
828 0
829 2
830 0
831 1
832 0
833 1
834 1
835 1
836 1
837 0
838 2
839 1
840 1
841 1
842 0
843 1
844 0
845 0
846 1
847 0
848 1
849 1
850 0
851 0
852 1
853 1
854 1
855 1
856 0
857 1
858 1
859 1
860 1
861 1
862 1
863 0
864 1
865 0
866 3
867 1
868 0
869 1
870 1
871 3
872 3
873 0
874 1
875 0
876 0
877 0
878 0
879 0
880 0
881 0
882 1
883 1
884 0
885 1
886 2
887 1
888 1
889 1
890 0
891 1
892 0
893 0
894 1
895 2
896 1
897 1
898 1
899 0
900 1
901 0
902 1
903 1
904 1
905 0
906 0
907 0
908 0
909 0
910 0
911 0
912 0
913 1
914 1
915 1
916 0
917 1
918 1
919 3
920 3
921 1
922 0
923 1
924 1
925 3
926 0
927 3
928 0
929 3
930 0
931 0
932 0
933 1
934 1
935 0
936 1
937 1
938 3
939 1
940 0
941 0
942 0
943 1
944 1
945 0
946 1
947 1
948 3
949 1
950 1
951 1
952 1
953 1
954 0
955 1
956 2
957 1
958 1
959 1
960 0
961 1
962 0
963 4
964 1
965 1
966 1
967 1
968 3
969 1
970 1
971 0
972 1
973 3
974 0
975 3
976 3
977 3
978 0
979 1
980 0
981 1
982 1
983 1
984 1
985 1
986 1
987 1
988 1
989 1
990 1
991 1
992 0
993 0
994 1
995 1
996 0
997 3
998 0
999 0
1000 4
1001 3
1002 3
1003 0
1004 0
1005 3
1006 1
1007 0
1008 0
1009 0
1010 3
1011 3
1012 0
1013 0
1014 3
1015 3
1016 0
1017 3
1018 3
1019 3
1020 3
1021 3
1022 3
1023 3
1024 3
1025 3
1026 3
1027 3
1028 3
1029 3
1030 1
1031 3
1032 3
1033 3
1034 3
1035 3
1036 3
1037 3
1038 3
1039 3
1040 3
1041 3
1042 3
1043 3
1044 3
1045 3
1046 3
1047 3
1048 1
1049 3
1050 1
1051 3
1052 3
1053 3
1054 0
1055 3
1056 4
1057 1
1058 1
1059 1
1060 1
1061 1
1062 1
1063 1
1064 1
1065 1
1066 1
1067 3
1068 3
1069 3
1070 3
1071 1
1072 1
1073 0
1074 0
1075 0
1076 1
1077 1
1078 1
1079 1
1080 1
1081 3
1082 0
1083 0
1084 1
1085 1
1086 3
1087 1
1088 1
1089 0
1090 0
1091 1
1092 0
1093 1
1094 1
1095 1
1096 1
1097 0
1098 1
1099 0
1100 1
1101 0
1102 0
1103 4
1104 1
1105 0
1106 1
1107 0
1108 3
1109 1
1110 1
1111 1
1112 1
1113 1
1114 1
1115 1
1116 3
1117 1
1118 1
1119 0
1120 1
1121 0
1122 4
1123 3
1124 0
1125 1
1126 0
1127 0
1128 0
1129 0
1130 1
1131 1
1132 0
1133 1
1134 4
1135 0
1136 0
1137 0
1138 0
1139 3
1140 1
1141 3
1142 3
1143 0
1144 0
1145 3
1146 0
1147 0
1148 0
1149 0
1150 3
1151 0
1152 0
1153 1
1154 0
1155 3
1156 1
1157 0
1158 3
1159 1
1160 0
1161 3
1162 1
1163 1
1164 1
1165 0
1166 1
1167 3
1168 0
1169 1
1170 0
1171 3
1172 1
1173 1
1174 0
1175 3
1176 1
1177 1
1178 1
1179 1
1180 1
1181 1
1182 3
1183 1
1184 1
1185 1
1186 1
1187 1
1188 1
1189 1
1190 1
1191 3
1192 0
1193 4
1194 3
1195 1
1196 3
1197 0
1198 0
1199 1
1200 1
1201 1
1202 0
1203 1
1204 1
1205 1
1206 1
1207 1
1208 1
1209 1
1210 0
1211 0
1212 0
1213 4
1214 0
1215 0
1216 0
1217 1
1218 4
1219 0
1220 0
1221 1
1222 1
1223 1
1224 3
1225 0
1226 1
1227 1
1228 1
1229 0
1230 1
1231 2
1232 0
1233 1
1234 0
1235 0
1236 0
1237 1
1238 0
1239 0
1240 1
1241 0
1242 1
1243 3
1244 1
1245 2
1246 1
1247 0
1248 0
1249 0
1250 0
1251 2
1252 0
1253 0
1254 0
1255 2
1256 0
1257 0
1258 0
1259 0
1260 0
1261 0
1262 0
1263 0
1264 3
1265 1
1266 0
1267 0
1268 0
1269 1
1270 2
1271 0
1272 0
1273 1
1274 0
1275 0
1276 0
1277 4
1278 0
1279 0
1280 0
1281 3
1282 0
1283 0
1284 0
1285 0
1286 0
1287 0
1288 0
1289 0
1290 0
1291 1
1292 0
1293 1
1294 0
1295 0
1296 0
1297 4
1298 0
1299 0
1300 0
1301 0
1302 0
1303 0
1304 0
1305 0
1306 0
1307 0
1308 0
1309 0
1310 3
1311 3
1312 0
1313 0
1314 1
1315 2
1316 0
1317 0
1318 0
1319 3
1320 2
1321 2
1322 0
1323 0
1324 0
1325 0
1326 4
1327 0
1328 3
1329 0
1330 0
1331 0
1332 0
1333 0
1334 0
1335 0
1336 0
1337 0
1338 0
1339 2
1340 0
1341 0
1342 1
1343 0
1344 1
1345 0
1346 2
1347 0
1348 0
1349 0
1350 0
1351 0
1352 0
1353 0
1354 0
1355 1
1356 0
1357 0
1358 0
1359 1
1360 0
1361 0
1362 0
1363 0
1364 0
1365 0
1366 0
1367 3
1368 0
1369 1
1370 0
1371 0
1372 0
1373 0
1374 0
1375 0
1376 0
1377 0
1378 0
1379 0
1380 0
1381 0
1382 0
1383 0
1384 0
1385 3
1386 0
1387 0
1388 0
1389 0
1390 0
1391 0
1392 0
1393 0
1394 0
1395 0
1396 0
1397 1
1398 0
1399 0
1400 0
1401 0
1402 3
1403 0
1404 3
1405 0
1406 0
1407 0
1408 0
1409 0
1410 0
1411 0
1412 0
1413 1
1414 0
1415 0
1416 0
1417 0
1418 2
1419 0
1420 0
1421 0
1422 0
1423 0
1424 0
1425 0
1426 0
1427 0
1428 0
1429 0
1430 0
1431 0
1432 1
1433 1
1434 0
1435 0
1436 0
1437 0
1438 0
1439 0
1440 0
1441 0
1442 0
1443 0
1444 0
1445 0
1446 0
1447 1
1448 0
1449 3
1450 0
1451 0
1452 0
1453 0
1454 0
1455 0
1456 0
1457 0
1458 0
1459 0
1460 0
1461 0
1462 0
1463 0
1464 0
1465 0
1466 0
1467 0
1468 3
1469 0
1470 0
1471 0
1472 0
1473 0
1474 2
1475 0
1476 0
1477 0
1478 0
1479 0
1480 0
1481 0
1482 0
1483 1
1484 0
1485 0
1486 0
1487 0
1488 0
1489 0
1490 0
1491 0
1492 0
1493 3
1494 0
1495 0
1496 0
1497 0
1498 0
1499 0
1500 3
1501 0
1502 1
1503 0
1504 0
1505 0
1506 0
1507 0
1508 0
1509 0
1510 0
1511 0
1512 0
1513 0
1514 2
1515 0
1516 2
1517 0
1518 0
1519 0
1520 0
1521 0
1522 0
1523 0
1524 0
1525 4
1526 0
1527 0
1528 0
1529 0
1530 3
1531 0
1532 0
1533 2
1534 0
1535 0
1536 0
1537 0
1538 0
1539 0
1540 0
1541 0
1542 0
1543 0
1544 0
1545 0
1546 0
1547 0
1548 0
1549 0
1550 0
1551 3
1552 0
1553 0
1554 0
1555 0
1556 0
1557 0
1558 0
1559 0
1560 1
1561 1
1562 0
1563 2
1564 0
1565 0
1566 0
1567 0
1568 0
1569 0
1570 0
1571 0
1572 0
1573 0
1574 0
1575 0
1576 0
1577 0
1578 0
1579 0
1580 0
1581 0
1582 0
1583 0
1584 0
1585 0
1586 0
1587 0
1588 0
1589 0
1590 0
1591 0
1592 0
1593 0
1594 0
1595 0
1596 0
1597 0
1598 0
1599 0
1600 0
1601 0
1602 0
1603 0
1604 0
1605 0
1606 0
1607 1
1608 0
1609 0
1610 0
1611 0
1612 0
1613 0
1614 0
1615 0
1616 0
1617 0
1618 0
1619 1
1620 0
1621 0
1622 0
1623 0
1624 0
1625 0
1626 0
1627 0
1628 0
1629 0
1630 0
1631 0
1632 0
1633 0
1634 3
1635 0
1636 1
1637 4
1638 0
1639 0
1640 0
1641 0
1642 0
1643 4
1644 0
1645 0
1646 2
1647 0
1648 0
1649 2
1650 3
1651 0
1652 1
1653 0
1654 0
1655 0
1656 0
1657 0
1658 0
1659 0
1660 0
1661 0
1662 0
1663 0
1664 0
1665 0
1666 0
1667 0
1668 1
1669 0
1670 1
1671 2
1672 2
1673 0
1674 0
1675 0
1676 0
1677 0
1678 0
1679 0
1680 0
1681 0
1682 0
1683 0
1684 0
1685 0
1686 0
1687 0
1688 0
1689 0
1690 0
1691 0
1692 0
1693 0
1694 0
1695 0
1696 0
1697 0
1698 1
1699 3
1700 0
1701 0
1702 0
1703 0
1704 0
1705 0
1706 0
1707 0
1708 0
1709 0
1710 0
1711 0
1712 0
1713 0
1714 0
1715 0
1716 0
1717 0
1718 0
1719 0
1720 0
1721 0
1722 0
1723 4
1724 0
1725 0
1726 1
1727 1
1728 0
1729 0
1730 0
1731 0
1732 0
1733 0
1734 1
1735 0
1736 0
1737 0
1738 0
1739 0
1740 0
1741 0
1742 0
1743 0
1744 0
1745 1
1746 0
1747 3
1748 0
1749 0
1750 0
1751 0
1752 0
1753 0
1754 0
1755 0
1756 0
1757 0
1758 0
1759 0
1760 0
1761 0
1762 1
1763 0
1764 0
1765 0
1766 1
1767 0
1768 0
1769 0
1770 0
1771 0
1772 0
1773 0
1774 0
1775 0
1776 1
1777 0
1778 0
1779 0
1780 0
1781 0
1782 0
1783 0
1784 2
1785 0
1786 1
1787 0
1788 0
1789 1
1790 1
1791 0
1792 0
1793 0
1794 0
1795 0
1796 0
1797 0
1798 0
1799 0
1800 0
1801 3
1802 0
1803 0
1804 0
1805 0
1806 0
1807 0
1808 0
1809 0
1810 0
1811 0
1812 0
1813 1
1814 1
1815 2
1816 0
1817 0
1818 0
1819 4
1820 0
1821 0
1822 0
1823 0
1824 0
1825 0
1826 0
1827 0
1828 0
1829 0
1830 0
1831 0
1832 4
1833 0
1834 1
1835 0
1836 0
1837 0
1838 0
1839 0
1840 1
1841 0
1842 0
1843 2
1844 0
1845 0
1846 0
1847 2
1848 1
1849 1
1850 1
1851 0
1852 0
1853 1
1854 1
1855 1
1856 0
1857 0
1858 1
1859 4
1860 0
1861 1
1862 0
1863 1
1864 2
1865 0
1866 1
1867 0
1868 0
1869 0
1870 0
1871 0
1872 0
1873 0
1874 4
1875 0
1876 4
1877 0
1878 1
1879 0
1880 0
1881 0
1882 0
1883 0
1884 0
1885 0
1886 0
1887 2
1888 0
1889 0
1890 0
1891 0
1892 0
1893 0
1894 0
1895 0
1896 3
1897 0
1898 0
1899 0
1900 0
1901 0
1902 0
1903 0
1904 1
1905 0
1906 2
1907 0
1908 0
1909 0
1910 0
1911 0
1912 3
1913 0
1914 0
1915 0
1916 0
1917 0
1918 0
1919 0
1920 1
1921 0
1922 3
1923 0
1924 2
1925 0
1926 0
1927 0
1928 0
1929 0
1930 0
1931 0
1932 0
1933 0
1934 0
1935 0
1936 0
1937 0
1938 0
1939 0
1940 0
1941 0
1942 0
1943 0
1944 0
1945 0
1946 0
1947 0
1948 1
1949 0
1950 0
1951 0
1952 0
1953 0
1954 0
1955 0
1956 0
1957 0
1958 0
1959 0
1960 0
1961 0
1962 0
1963 0
1964 0
1965 0
1966 0
1967 3
1968 4
1969 0
1970 2
1971 0
1972 0
1973 0
1974 0
1975 0
1976 0
1977 0
1978 0
1979 0
1980 1
1981 0
1982 1
1983 0
1984 4
1985 0
1986 0
1987 0
1988 0
1989 0
1990 3
1991 0
1992 3
1993 0
1994 3
1995 0
1996 3
1997 0
1998 0
1999 0
2000 0
2001 0
2002 0
2003 2
2004 0
2005 2
2006 1
2007 3
2008 0
2009 0
2010 3
2011 1
2012 0
2013 1
2014 1
2015 1
2016 0
2017 1
2018 0
2019 0
2020 0
2021 0
2022 0
2023 0
2024 0
2025 0
2026 0
2027 0
2028 0
2029 0
2030 0
2031 0
2032 4
2033 0
2034 0
2035 0
2036 0
2037 0
2038 0
2039 0
2040 0
2041 0
2042 3
2043 0
2044 2
2045 0
2046 0
2047 0
2048 1
2049 0
2050 0
2051 0
2052 0
2053 1
2054 0
2055 0
2056 0
2057 0
2058 0
2059 0
2060 0
2061 0
2062 0
2063 1
2064 0
2065 0
2066 3
2067 0
2068 0
2069 1
2070 0
2071 0
2072 0
2073 0
2074 0
2075 0
2076 0
2077 0
2078 0
2079 1
2080 0
2081 0
2082 0
2083 3
2084 0
2085 0
2086 0
2087 0
2088 0
2089 0
2090 0
2091 2
2092 0
2093 1
2094 4
2095 4
2096 0
2097 0
2098 1
2099 0
2100 0
2101 0
2102 4
2103 0
2104 0
2105 0
2106 0
2107 0
2108 1
2109 0
2110 1
2111 0
2112 0
2113 0
2114 0
2115 0
2116 1
2117 4
2118 1
2119 0
2120 0
2121 0
2122 0
2123 1
2124 0
2125 4
2126 1
2127 0
2128 0
2129 0
2130 0
2131 1
2132 2
2133 4
2134 1
2135 1
2136 0
2137 0
2138 1
2139 0
2140 0
2141 0
2142 0
2143 1
2144 4
2145 0
2146 0
2147 3
2148 1
2149 0
2150 1
2151 0
2152 0
2153 0
2154 1
2155 3
2156 0
2157 0
2158 0
2159 0
2160 0
2161 1
2162 1
2163 1
2164 1
2165 0
2166 3
2167 0
2168 1
2169 1
2170 2
2171 0
2172 1
2173 0
2174 0
2175 0
2176 0
2177 0
2178 1
2179 1
2180 3
2181 1
2182 0
2183 4
2184 4
2185 1
2186 1
2187 1
2188 1
2189 0
2190 0
2191 0
2192 1
2193 4
2194 1
2195 0
2196 3
2197 0
2198 0
2199 1
2200 3
2201 0
2202 0
2203 0
2204 0
2205 2
2206 4
2207 1
2208 0
2209 0
2210 0
2211 0
2212 1
2213 0
2214 0
2215 0
2216 0
2217 0
2218 1
2219 0
2220 0
2221 0
2222 0
2223 0
2224 0
2225 0
2226 0
2227 0
2228 0
2229 0
2230 0
2231 0
2232 0
2233 0
2234 0
2235 2
2236 0
2237 0
2238 1
2239 0
2240 3
2241 1
2242 0
2243 1
2244 0
2245 0
2246 1
2247 0
2248 2
2249 0
2250 0
2251 0
2252 0
2253 1
2254 0
2255 0
2256 0
2257 0
2258 0
2259 0
2260 0
2261 0
2262 0
2263 0
2264 0
2265 0
2266 0
2267 3
2268 0
2269 0
2270 0
2271 0
2272 0
2273 1
2274 0
2275 3
2276 0
2277 0
2278 0
2279 0
2280 0
2281 0
2282 0
2283 0
2284 0
2285 0
2286 0
2287 0
2288 1
2289 3
2290 0
2291 0
2292 0
2293 0
2294 0
2295 3
2296 0
2297 0
2298 0
2299 2
2300 0
2301 0
2302 0
2303 0
2304 0
2305 0
2306 0
2307 0
2308 2
2309 0
2310 0
2311 0
2312 0
2313 0
2314 1
2315 0
2316 0
2317 0
2318 0
2319 0
2320 0
2321 0
2322 0
2323 3
2324 0
2325 0
2326 0
2327 0
2328 0
2329 0
2330 0
2331 0
2332 0
2333 0
2334 0
2335 0
2336 0
2337 0
2338 0
2339 0
2340 0
2341 0
2342 0
2343 0
2344 3
2345 0
2346 0
2347 0
2348 0
2349 3
2350 0
2351 1
2352 0
2353 1
2354 4
2355 0
2356 0
2357 1
2358 0
2359 0
2360 0
2361 3
2362 0
2363 0
2364 0
2365 0
2366 0
2367 0
2368 0
2369 1
2370 3
2371 0
2372 0
2373 0
2374 0
2375 1
2376 0
2377 0
2378 0
2379 0
2380 1
2381 0
2382 1
2383 0
2384 0
2385 0
2386 0
2387 3
2388 3
2389 0
2390 0
2391 0
2392 0
2393 0
2394 0
2395 0
2396 0
2397 0
2398 0
2399 0
2400 2
2401 0
2402 0
2403 1
2404 1
2405 0
2406 0
2407 0
2408 0
2409 0
2410 0
2411 0
2412 4
2413 3
2414 3
2415 0
2416 1
2417 0
2418 3
2419 1
2420 0
2421 0
2422 2
2423 0
2424 0
2425 0
2426 0
2427 0
2428 0
2429 0
2430 1
2431 0
2432 2
2433 3
2434 0
2435 0
2436 0
2437 2
2438 1
2439 0
2440 0
2441 0
2442 1
2443 0
2444 1
2445 0
2446 0
2447 0
2448 0
2449 0
2450 3
2451 3
2452 1
2453 0
2454 0
2455 0
2456 1
2457 0
2458 0
2459 0
2460 0
2461 0
2462 0
2463 0
2464 0
2465 0
2466 1
2467 0
2468 3
2469 0
2470 0
2471 0
2472 0
2473 0
2474 0
2475 0
2476 0
2477 0
2478 0
2479 0
2480 3
2481 3
2482 3
2483 1
2484 1
2485 0
2486 3
2487 0
2488 0
2489 0
2490 0
2491 1
2492 3
2493 0
2494 0
2495 0
2496 0
2497 0
2498 0
2499 0
2500 1
2501 1
2502 1
2503 1
2504 1
2505 1
2506 1
2507 1
2508 1
2509 1
2510 1
2511 1
2512 3
2513 0
2514 0
2515 0
2516 3
2517 0
2518 3
2519 0
2520 1
2521 0
2522 0
2523 1
2524 1
2525 1
2526 0
2527 3
2528 0
2529 0
2530 0
2531 0
2532 3
2533 0
2534 0
2535 0
2536 0
2537 1
2538 0
2539 0
2540 0
2541 0
2542 0
2543 0
2544 0
2545 0
2546 0
2547 2
2548 0
2549 3
2550 1
2551 1
2552 1
2553 1
2554 0
2555 0
2556 0
2557 1
2558 3
2559 3
2560 3
2561 1
2562 2
2563 3
2564 0
2565 0
2566 3
2567 0
2568 4
2569 0
2570 1
2571 0
2572 2
2573 1
2574 1
2575 1
2576 4
2577 1
2578 1
2579 1
2580 4
2581 3
2582 1
2583 1
2584 1
2585 1
2586 3
2587 4
2588 0
2589 4
2590 1
2591 1
2592 1
2593 1
2594 0
2595 0
2596 0
2597 0
2598 0
2599 4
2600 1
2601 3
2602 3
2603 0
2604 0
2605 0
2606 0
2607 0
2608 0
2609 3
2610 0
2611 0
2612 3
2613 0
2614 0
2615 0
2616 0
2617 0
2618 0
2619 0
2620 0
2621 3
2622 0
2623 0
2624 1
2625 0
2626 0
2627 0
2628 0
2629 0
2630 0
2631 0
2632 0
2633 0
2634 0
2635 1
2636 1
2637 0
2638 0
2639 0
2640 0
2641 0
2642 0
2643 0
2644 0
2645 0
2646 1
2647 0
2648 0
2649 2
2650 0
2651 0
2652 4
2653 0
2654 2
2655 0
2656 0
2657 0
2658 1
2659 0
2660 1
2661 3
2662 0
2663 0
2664 1
2665 0
2666 1
2667 0
2668 4
2669 0
2670 0
2671 0
2672 0
2673 0
2674 0
2675 3
2676 1
2677 2
2678 4
2679 0
2680 0
2681 0
2682 0
2683 0
2684 0
2685 0
2686 0
2687 0
2688 3
2689 0
2690 1
2691 3
2692 0
2693 1
2694 0
2695 0
2696 4
2697 0
2698 1
2699 1
2700 0
2701 1
2702 3
2703 0
2704 0
2705 0
2706 0
2707 0
2708 0
2709 0
2710 0
2711 0
2712 0
2713 0
2714 0
2715 0
2716 3
2717 1
2718 1
2719 0
2720 0
2721 0
2722 0
2723 0
2724 0
2725 0
2726 2
2727 0
2728 1
2729 0
2730 0
2731 0
2732 1
2733 0
2734 0
2735 3
2736 0
2737 0
2738 3
2739 0
2740 0
2741 3
2742 1
2743 0
2744 0
2745 0
2746 0
2747 3
2748 3
2749 0
2750 0
2751 0
2752 0
2753 0
2754 0
2755 0
2756 1
2757 0
2758 0
2759 0
2760 0
2761 0
2762 0
2763 1
2764 0
2765 3
2766 0
2767 0
2768 0
2769 1
2770 3
2771 3
2772 0
2773 3
2774 1
2775 1
2776 1
2777 1
2778 1
2779 1
2780 1
2781 3
2782 1
2783 0
2784 0
2785 1
2786 0
2787 1
2788 1
2789 1
2790 1
2791 1
2792 1
2793 1
2794 1
2795 1
2796 3
2797 1
2798 1
2799 1
2800 1
2801 1
2802 1
2803 0
2804 0
2805 0
2806 1
2807 1
2808 1
2809 1
2810 1
2811 0
2812 2
2813 1
2814 0
2815 0
2816 0
2817 0
2818 0
2819 0
2820 0
2821 0
2822 0
2823 1
2824 0
2825 4
2826 0
2827 0
2828 1
2829 1
2830 0
2831 0
2832 1
2833 0
2834 1
2835 0
2836 0
2837 0
2838 0
2839 0
2840 0
2841 1
2842 0
2843 0
2844 0
2845 0
2846 1
2847 1
2848 0
2849 0
2850 1
2851 1
2852 0
2853 0
2854 0
2855 0
2856 0
2857 1
2858 0
2859 1
2860 3
2861 1
2862 4
2863 0
2864 0
2865 1
2866 1
2867 1
2868 1
2869 1
2870 1
2871 1
2872 1
2873 3
2874 1
2875 1
2876 1
2877 1
2878 0
2879 0
2880 1
2881 0
2882 2
2883 1
2884 1
2885 1
2886 1
2887 0
2888 1
2889 1
2890 1
2891 0
2892 0
2893 1
2894 1
2895 1
2896 1
2897 3
2898 0
2899 0
2900 1
2901 3
2902 1
2903 0
2904 1
2905 0
2906 1
2907 1
2908 1
2909 3
2910 0
2911 0
2912 0
2913 2
2914 1
2915 1
2916 4
2917 1
2918 1
2919 1
2920 1
2921 1
2922 1
2923 4
2924 1
2925 0
2926 1
2927 0
2928 0
2929 0
2930 1
2931 3
2932 1
2933 1
2934 1
2935 1
2936 1
2937 1
2938 1
2939 0
2940 0
2941 0
2942 0
2943 0
2944 0
2945 0
2946 3
2947 0
2948 0
2949 0
2950 0
2951 1
2952 0
2953 0
2954 0
2955 0
2956 3
2957 0
2958 0
2959 0
2960 0
2961 0
2962 0
2963 0
2964 0
2965 0
2966 0
2967 1
2968 0
2969 0
2970 0
2971 0
2972 1
2973 0
2974 4
2975 0
2976 1
2977 0
2978 0
2979 0
2980 0
2981 0
2982 0
2983 0
2984 3
2985 0
2986 0
2987 1
2988 0
2989 0
2990 0
2991 0
2992 0
2993 2
2994 0
2995 0
2996 2
2997 3
2998 0
2999 0
3000 0
3001 0
3002 0
3003 0
3004 0
3005 0
3006 0
3007 0
3008 1
3009 0
3010 3
3011 0
3012 0
3013 0
3014 1
3015 0
3016 1
3017 0
3018 0
3019 0
3020 0
3021 0
3022 0
3023 0
3024 0
3025 0
3026 0
3027 0
3028 0
3029 0
3030 4
3031 0
3032 3
3033 3
3034 1
3035 0
3036 0
3037 2
3038 1
3039 1
3040 1
3041 1
3042 3
3043 3
3044 0
3045 3
3046 1
3047 0
3048 3
3049 1
3050 1
3051 0
3052 1
3053 2
3054 3
3055 0
3056 4
3057 1
3058 1
3059 4
3060 1
3061 1
3062 1
3063 1
3064 4
3065 4
3066 1
3067 1
3068 1
3069 1
3070 0
3071 1
3072 1
3073 1
3074 1
3075 1
3076 1
3077 1
3078 1
3079 4
3080 1
3081 1
3082 1
3083 1
3084 1
3085 1
3086 1
3087 1
3088 1
3089 4
3090 1
3091 1
3092 1
3093 1
3094 1
3095 1
3096 4
3097 1
3098 1
3099 1
3100 1
3101 1
3102 4
3103 1
3104 1
3105 4
3106 4
3107 1
3108 1
3109 1
3110 1
3111 1
3112 1
3113 1
3114 4
3115 0
3116 1
3117 1
3118 1
3119 1
3120 4
3121 0
3122 1
3123 1
3124 4
3125 1
3126 1
3127 4
3128 1
3129 4
3130 1
3131 1
3132 1
3133 1
3134 1
3135 1
3136 1
3137 1
3138 1
3139 4
3140 1
3141 4
3142 1
3143 1
3144 1
3145 1
3146 1
3147 1
3148 1
3149 1
3150 1
3151 1
3152 0
3153 1
3154 1
3155 1
3156 1
3157 1
3158 1
3159 1
3160 1
3161 3
3162 0
3163 1
3164 1
3165 1
3166 1
3167 4
3168 1
3169 1
3170 3
3171 1
3172 3
3173 1
3174 1
3175 1
3176 1
3177 4
3178 1
3179 1
3180 1
3181 4
3182 1
3183 1
3184 1
3185 4
3186 1
3187 1
3188 4
3189 4
3190 1
3191 1
3192 4
3193 4
3194 1
3195 1
3196 1
3197 1
3198 1
3199 1
3200 1
3201 1
3202 1
3203 1
3204 4
3205 1
3206 1
3207 1
3208 1
3209 1
3210 0
3211 1
3212 1
3213 1
3214 1
3215 1
3216 1
3217 1
3218 1
3219 1
3220 1
3221 1
3222 1
3223 1
3224 1
3225 1
3226 1
3227 1
3228 1
3229 1
3230 1
3231 1
3232 1
3233 1
3234 1
3235 1
3236 0
3237 1
3238 3
3239 0
3240 1
3241 0
3242 3
3243 1
3244 0
3245 0
3246 0
3247 3
3248 3
3249 0
3250 3
3251 0
3252 3
3253 0
3254 0
3255 1
3256 0
3257 1
3258 0
3259 0
3260 2
3261 0
3262 0
3263 2
3264 0
3265 0
3266 1
3267 0
3268 0
3269 0
3270 1
3271 0
3272 3
3273 0
3274 1
3275 0
3276 0
3277 0
3278 0
3279 1
3280 0
3281 0
3282 0
3283 0
3284 0
3285 0
3286 0
3287 0
3288 0
3289 0
3290 0
3291 1
3292 1
3293 0
3294 0
3295 0
3296 3
3297 1
3298 3
3299 0
3300 3
3301 2
3302 0
3303 0
3304 0
3305 0
3306 3
3307 0
3308 3
3309 0
3310 0
3311 3
3312 0
3313 0
3314 0
3315 0
3316 0
3317 0
3318 0
3319 0
3320 0
3321 0
3322 3
3323 0
3324 0
3325 0
3326 0
3327 0
3328 0
3329 0
3330 0
3331 0
3332 0
3333 1
3334 0
3335 0
3336 0
3337 4
3338 1
3339 3
3340 3
3341 1
3342 3
3343 3
3344 3
3345 0
3346 1
3347 3
3348 3
3349 1
3350 0
3351 3
3352 3
3353 1
3354 3
3355 3
3356 3
3357 3
3358 3
3359 3
3360 0
3361 0
3362 3
3363 0
3364 0
3365 3
3366 1
3367 2
3368 3
3369 0
3370 0
3371 3
3372 0
3373 0
3374 0
3375 0
3376 0
3377 1
3378 0
3379 0
3380 0
3381 1
3382 0
3383 3
3384 0
3385 2
3386 0
3387 0
3388 0
3389 1
3390 0
3391 1
3392 0
3393 0
3394 2
3395 0
3396 0
3397 3
3398 0
3399 0
3400 0
3401 0
3402 0
3403 0
3404 3
3405 0
3406 3
3407 1
3408 0
3409 1
3410 3
3411 0
3412 0
3413 0
3414 0
3415 0
3416 0
3417 0
3418 0
3419 0
3420 1
3421 0
3422 1
3423 0
3424 0
3425 0
3426 0
3427 0
3428 0
3429 0
3430 0
3431 1
3432 0
3433 0
3434 0
3435 0
3436 0
3437 3
3438 0
3439 0
3440 2
3441 0
3442 3
3443 0
3444 0
3445 2
3446 2
3447 0
3448 0
3449 0
3450 0
3451 0
3452 0
3453 4
3454 0
3455 0
3456 0
3457 0
3458 0
3459 2
3460 0
3461 0
3462 0
3463 0
3464 0
3465 3
3466 2
3467 0
3468 0
3469 0
3470 0
3471 0
3472 3
3473 1
3474 0
3475 0
3476 3
3477 0
3478 0
3479 0
3480 0
3481 0
3482 0
3483 0
3484 2
3485 0
3486 0
3487 0
3488 0
3489 0
3490 0
3491 0
3492 0
3493 0
3494 0
3495 0
3496 0
3497 1
3498 0
3499 0
3500 0
3501 0
3502 0
3503 0
3504 0
3505 0
3506 0
3507 0
3508 0
3509 2
3510 0
3511 0
3512 0
3513 3
3514 0
3515 0
3516 0
3517 3
3518 0
3519 0
3520 0
3521 3
3522 0
3523 0
3524 0
3525 0
3526 0
3527 0
3528 0
3529 0
3530 3
3531 0
3532 0
3533 2
3534 0
3535 0
3536 0
3537 0
3538 0
3539 0
3540 0
3541 0
3542 0
3543 2
3544 0
3545 0
3546 1
3547 0
3548 0
3549 0
3550 3
3551 0
3552 0
3553 0
3554 1
3555 0
3556 0
3557 0
3558 0
3559 0
3560 0
3561 0
3562 0
3563 2
3564 0
3565 0
3566 0
3567 0
3568 0
3569 0
3570 0
3571 1
3572 0
3573 0
3574 0
3575 0
3576 0
3577 0
3578 0
3579 0
3580 0
3581 0
3582 0
3583 0
3584 0
3585 0
3586 0
3587 0
3588 0
3589 0
3590 0
3591 3
3592 0
3593 0
3594 0
3595 3
3596 1
3597 3
3598 2
3599 0
3600 0
3601 0
3602 0
3603 0
3604 0
3605 0
3606 0
3607 0
3608 0
3609 0
3610 0
3611 0
3612 3
3613 0
3614 1
3615 3
3616 1
3617 0
3618 0
3619 0
3620 0
3621 2
3622 0
3623 0
3624 0
3625 0
3626 0
3627 0
3628 0
3629 0
3630 0
3631 0
3632 0
3633 0
3634 0
3635 3
3636 0
3637 1
3638 0
3639 0
3640 0
3641 0
3642 0
3643 0
3644 0
3645 0
3646 0
3647 0
3648 0
3649 0
3650 0
3651 0
3652 0
3653 0
3654 2
3655 0
3656 1
3657 0
3658 0
3659 0
3660 0
3661 0
3662 0
3663 0
3664 0
3665 0
3666 0
3667 0
3668 0
3669 0
3670 0
3671 3
3672 3
3673 0
3674 0
3675 0
3676 0
3677 0
3678 0
3679 0
3680 3
3681 0
3682 0
3683 3
3684 1
3685 1
3686 1
3687 0
3688 1
3689 4
3690 1
3691 1
3692 1
3693 0
3694 1
3695 1
3696 4
3697 4
3698 1
3699 1
3700 1
3701 1
3702 1
3703 2
3704 1
3705 1
3706 1
3707 4
3708 1
3709 1
3710 4
3711 4
3712 1
3713 4
3714 1
3715 1
3716 1
3717 1
3718 1
3719 1
3720 1
3721 1
3722 0
3723 0
3724 1
3725 1
3726 1
3727 1
3728 1
3729 1
3730 1
3731 1
3732 1
3733 1
3734 1
3735 4
3736 1
3737 1
3738 1
3739 1
3740 1
3741 1
3742 1
3743 1
3744 1
3745 1
3746 3
3747 1
3748 1
3749 0
3750 1
3751 1
3752 1
3753 3
3754 1
3755 1
3756 1
3757 1
3758 1
3759 1
3760 4
3761 1
3762 1
3763 1
3764 1
3765 1
3766 1
3767 1
3768 1
3769 1
3770 1
3771 1
3772 1
3773 1
3774 0
3775 1
3776 3
3777 4
3778 1
3779 1
3780 1
3781 4
3782 1
3783 1
3784 4
3785 4
3786 1
3787 1
3788 1
3789 4
3790 1
3791 0
3792 1
3793 1
3794 4
3795 4
3796 1
3797 0
3798 1
3799 4
3800 1
3801 1
3802 1
3803 1
3804 1
3805 1
3806 0
3807 1
3808 1
3809 4
3810 1
3811 1
3812 4
3813 4
3814 1
3815 1
3816 1
3817 4
3818 1
3819 4
3820 4
3821 4
3822 1
3823 4
3824 1
3825 1
3826 1
3827 1
3828 4
3829 1
3830 1
3831 1
3832 4
3833 4
3834 1
3835 1
3836 4
3837 1
3838 1
3839 4
3840 1
3841 4
3842 1
3843 1
3844 1
3845 1
3846 1
3847 1
3848 1
3849 1
3850 4
3851 1
3852 1
3853 1
3854 2
3855 2
3856 2
3857 0
3858 2
3859 0
3860 1
3861 0
3862 0
3863 0
3864 0
3865 2
3866 0
3867 0
3868 2
3869 0
3870 0
3871 1
3872 0
3873 2
3874 3
3875 0
3876 0
3877 1
3878 0
3879 0
3880 0
3881 3
3882 0
3883 0
3884 0
3885 2
3886 0
3887 0
3888 0
3889 0
3890 0
3891 0
3892 0
3893 0
3894 1
3895 4
3896 0
3897 3
3898 0
3899 0
3900 0
3901 0
3902 0
3903 0
3904 0
3905 0
3906 0
3907 0
3908 0
3909 0
3910 0
3911 1
3912 0
3913 0
3914 0
3915 0
3916 0
3917 0
3918 3
3919 0
3920 0
3921 0
3922 0
3923 0
3924 0
3925 1
3926 0
3927 1
3928 1
3929 3
3930 0
3931 0
3932 0
3933 0
3934 0
3935 0
3936 0
3937 0
3938 0
3939 3
3940 0
3941 0
3942 2
3943 0
3944 0
3945 0
3946 3
3947 1
3948 0
3949 0
3950 0
3951 2
3952 2
3953 0
3954 0
3955 0
3956 0
3957 0
3958 0
3959 3
3960 0
3961 0
3962 0
3963 2
3964 0
3965 0
3966 0
3967 0
3968 0
3969 0
3970 1
3971 0
3972 0
3973 1
3974 1
3975 0
3976 2
3977 3
3978 0
3979 0
3980 0
3981 2
3982 0
3983 0
3984 1
3985 0
3986 3
3987 0
3988 0
3989 0
3990 0
3991 0
3992 0
3993 0
3994 0
3995 1
3996 1
3997 0
3998 0
3999 0
4000 0
4001 0
4002 0
4003 0
4004 3
4005 0
4006 0
4007 0
4008 0
4009 0
4010 0
4011 3
4012 0
4013 0
4014 0
4015 0
4016 3
4017 0
4018 0
4019 0
4020 0
4021 0
4022 0
4023 0
4024 4
4025 0
4026 0
4027 0
4028 0
4029 2
4030 0
4031 0
4032 2
4033 2
4034 0
4035 0
4036 0
4037 0
4038 0
4039 0
4040 3
4041 0
4042 3
4043 0
4044 0
4045 0
4046 0
4047 0
4048 3
4049 0
4050 0
4051 0
4052 3
4053 0
4054 0
4055 0
4056 0
4057 0
4058 0
4059 3
4060 0
4061 2
4062 0
4063 1
4064 0
4065 0
4066 0
4067 0
4068 0
4069 0
4070 0
4071 1
4072 0
4073 0
4074 0
4075 0
4076 0
4077 0
4078 0
4079 0
4080 0
4081 0
4082 0
4083 2
4084 0
4085 0
4086 0
4087 0
4088 0
4089 0
4090 0
4091 0
4092 2
4093 0
4094 3
4095 2
4096 0
4097 0
4098 0
4099 0
4100 0
4101 0
4102 0
4103 0
4104 0
4105 3
4106 0
4107 0
4108 0
4109 0
4110 0
4111 0
4112 0
4113 0
4114 0
4115 3
4116 0
4117 0
4118 0
4119 0
4120 0
4121 0
4122 0
4123 1
4124 0
4125 0
4126 0
4127 3
4128 0
4129 0
4130 0
4131 0
4132 0
4133 0
4134 0
4135 0
4136 0
4137 0
4138 1
4139 0
4140 1
4141 3
4142 4
4143 0
4144 0
4145 0
4146 0
4147 0
4148 0
4149 1
4150 0
4151 0
4152 0
4153 4
4154 1
4155 1
4156 1
4157 3
4158 1
4159 1
4160 1
4161 1
4162 1
4163 1
4164 0
4165 1
4166 1
4167 1
4168 1
4169 0
4170 1
4171 0
4172 1
4173 1
4174 1
4175 3
4176 1
4177 1
4178 0
4179 0
4180 0
4181 0
4182 0
4183 1
4184 0
4185 0
4186 1
4187 1
4188 0
4189 0
4190 0
4191 0
4192 0
4193 0
4194 0
4195 0
4196 0
4197 0
4198 0
4199 0
4200 1
4201 1
4202 0
4203 1
4204 1
4205 1
4206 1
4207 1
4208 3
4209 1
4210 1
4211 1
4212 1
4213 1
4214 1
4215 1
4216 0
4217 0
4218 0
4219 0
4220 0
4221 0
4222 0
4223 1
4224 1
4225 0
4226 1
4227 1
4228 1
4229 1
4230 1
4231 1
4232 1
4233 1
4234 1
4235 1
4236 1
4237 1
4238 1
4239 1
4240 1
4241 1
4242 1
4243 0
4244 1
4245 1
4246 1
4247 1
4248 1
4249 1
4250 1
4251 3
4252 1
4253 1
4254 1
4255 1
4256 1
4257 1
4258 0
4259 0
4260 0
4261 0
4262 0
4263 0
4264 0
4265 1
4266 0
4267 1
4268 1
4269 0
4270 1
4271 1
4272 0
4273 1
4274 4
4275 3
4276 1
4277 1
4278 1
4279 1
4280 1
4281 1
4282 1
4283 1
4284 1
4285 1
4286 0
4287 1
4288 1
4289 1
4290 3
4291 3
4292 0
4293 0
4294 1
4295 0
4296 0
4297 3
4298 0
4299 1
4300 0
4301 0
4302 0
4303 1
4304 0
4305 0
4306 0
4307 0
4308 0
4309 0
4310 1
4311 0
4312 1
4313 0
4314 3
4315 0
4316 0
4317 1
4318 1
4319 1
4320 1
4321 1
4322 1
4323 1
4324 1
4325 1
4326 1
4327 1
4328 1
4329 1
4330 1
4331 1
4332 0
4333 0
4334 0
4335 3
4336 0
4337 1
4338 0
4339 2
4340 0
4341 0
4342 1
4343 0
4344 0
4345 3
4346 0
4347 0
4348 0
4349 0
4350 0
4351 0
4352 0
4353 0
4354 0
4355 0
4356 0
4357 0
4358 0
4359 3
4360 0
4361 0
4362 0
4363 0
4364 0
4365 0
4366 1
4367 0
4368 0
4369 0
4370 0
4371 0
4372 0
4373 0
4374 0
4375 0
4376 0
4377 3
4378 0
4379 0
4380 2
4381 3
4382 1
4383 3
4384 0
4385 0
4386 0
4387 0
4388 1
4389 3
4390 0
4391 0
4392 0
4393 3
4394 0
4395 0
4396 0
4397 0
4398 0
4399 0
4400 0
4401 0
4402 0
4403 3
4404 0
4405 0
4406 0
4407 0
4408 1
4409 0
4410 0
4411 0
4412 0
4413 1
4414 0
4415 0
4416 2
4417 3
4418 0
4419 0
4420 0
4421 0
4422 2
4423 0
4424 0
4425 0
4426 0
4427 0
4428 0
4429 0
4430 0
4431 0
4432 0
4433 0
4434 1
4435 0
4436 0
4437 0
4438 0
4439 0
4440 0
4441 0
4442 0
4443 0
4444 0
4445 0
4446 0
4447 0
4448 0
4449 0
4450 0
4451 3
4452 0
4453 0
4454 1
4455 1
4456 0
4457 0
4458 3
4459 0
4460 0
4461 2
4462 0
4463 0
4464 0
4465 0
4466 0
4467 0
4468 0
4469 2
4470 0
4471 0
4472 1
4473 0
4474 3
4475 0
4476 0
4477 0
4478 1
4479 0
4480 1
4481 0
4482 0
4483 1
4484 0
4485 0
4486 1
4487 0
4488 1
4489 0
4490 2
4491 2
4492 0
4493 0
4494 0
4495 0
4496 0
4497 0
4498 2
4499 0
4500 3
4501 0
4502 0
4503 0
4504 0
4505 0
4506 0
4507 0
4508 0
4509 0
4510 2
4511 0
4512 0
4513 0
4514 2
4515 0
4516 0
4517 0
4518 0
4519 0
4520 0
4521 0
4522 0
4523 0
4524 0
4525 0
4526 3
4527 0
4528 0
4529 1
4530 1
4531 0
4532 0
4533 0
4534 1
4535 0
4536 0
4537 3
4538 0
4539 0
4540 0
4541 0
4542 0
4543 0
4544 0
4545 0
4546 0
4547 0
4548 0
4549 0
4550 1
4551 0
4552 0
4553 0
4554 0
4555 0
4556 0
4557 0
4558 0
4559 0
4560 0
4561 0
4562 0
4563 0
4564 0
4565 0
4566 0
4567 0
4568 0
4569 0
4570 0
4571 0
4572 0
4573 0
4574 0
4575 0
4576 0
4577 0
4578 0
4579 0
4580 0
4581 0
4582 0
4583 3
4584 0
4585 0
4586 0
4587 0
4588 0
4589 0
4590 0
4591 3
4592 0
4593 0
4594 0
4595 0
4596 0
4597 0
4598 0
4599 0
4600 0
4601 0
4602 0
4603 0
4604 0
4605 0
4606 1
4607 0
4608 4
4609 4
4610 1
4611 1
4612 1
4613 1
4614 1
4615 1
4616 1
4617 1
4618 1
4619 1
4620 1
4621 1
4622 4
4623 1
4624 1
4625 1
4626 1
4627 1
4628 1
4629 1
4630 1
4631 1
4632 1
4633 1
4634 1
4635 1
4636 1
4637 4
4638 4
4639 1
4640 1
4641 1
4642 1
4643 1
4644 1
4645 1
4646 1
4647 1
4648 1
4649 1
4650 4
4651 1
4652 1
4653 1
4654 1
4655 1
4656 1
4657 4
4658 1
4659 1
4660 1
4661 1
4662 1
4663 1
4664 1
4665 1
4666 4
4667 1
4668 1
4669 4
4670 1
4671 1
4672 1
4673 1
4674 1
4675 1
4676 1
4677 1
4678 1
4679 1
4680 1
4681 1
4682 1
4683 1
4684 1
4685 1
4686 1
4687 4
4688 1
4689 1
4690 1
4691 1
4692 1
4693 4
4694 1
4695 1
4696 1
4697 1
4698 1
4699 1
4700 1
4701 1
4702 1
4703 1
4704 1
4705 1
4706 1
4707 1
4708 4
4709 0
4710 1
4711 4
4712 1
4713 1
4714 1
4715 1
4716 4
4717 1
4718 1
4719 4
4720 1
4721 4
4722 0
4723 4
4724 1
4725 4
4726 4
4727 1
4728 1
4729 4
4730 1
4731 1
4732 4
4733 4
4734 4
4735 1
4736 4
4737 1
4738 1
4739 1
4740 1
4741 1
4742 4
4743 1
4744 1
4745 1
4746 4
4747 1
4748 1
4749 1
4750 1
4751 4
4752 4
4753 2
4754 1
4755 1
4756 1
4757 1
4758 1
4759 4
4760 1
4761 1
4762 4
4763 1
4764 4
4765 1
4766 1
4767 4
4768 1
4769 4
4770 4
4771 1
4772 4
4773 1
4774 1
4775 1
4776 1
4777 1
4778 4
4779 1
4780 1
4781 1
4782 1
4783 4
4784 1
4785 4
4786 1
4787 1
4788 4
4789 1
4790 1
4791 1
4792 1
4793 4
4794 4
4795 1
4796 1
4797 1
4798 1
4799 1
4800 4
4801 1
4802 4
4803 0
4804 1
4805 1
4806 1
4807 4
4808 1
4809 1
4810 4
4811 1
4812 1
4813 1
4814 1
4815 1
4816 1
4817 4
4818 1
4819 1
4820 4
4821 1
4822 1
4823 0
4824 1
4825 1
4826 4
4827 1
4828 4
4829 1
4830 1
4831 4
4832 1
4833 1
4834 4
4835 1
4836 4
4837 1
4838 1
4839 1
4840 4
4841 4
4842 1
4843 1
4844 4
4845 1
4846 1
4847 4
4848 1
4849 4
4850 4
4851 1
4852 1
4853 1
4854 1
4855 0
4856 1
4857 1
4858 1
4859 1
4860 1
4861 4
4862 4
4863 1
4864 1
4865 1
4866 1
4867 1
4868 1
4869 1
4870 1
4871 1
4872 1
4873 1
4874 4
4875 4
4876 1
4877 1
4878 1
4879 4
4880 1
4881 1
4882 1
4883 4
4884 1
4885 4
4886 1
4887 1
4888 4
4889 4
4890 2
4891 1
4892 1
4893 4
4894 1
4895 1
4896 1
4897 1
4898 1
4899 1
4900 1
4901 4
4902 1
4903 4
4904 4
4905 1
4906 4
4907 1
4908 1
4909 1
4910 1
4911 1
4912 1
4913 1
4914 1
4915 1
4916 4
4917 1
4918 1
4919 1
4920 1
4921 1
4922 4
4923 1
4924 1
4925 1
4926 4
4927 1
4928 1
4929 4
4930 1
4931 4
4932 1
4933 1
4934 4
4935 1
4936 1
4937 2
4938 1
4939 1
4940 1
4941 1
4942 1
4943 0
4944 1
4945 1
4946 1
4947 1
4948 4
4949 0
4950 1
4951 1
4952 1
4953 1
4954 4
4955 1
4956 1
4957 4
4958 1
4959 4
4960 1
4961 1
4962 1
4963 4
4964 4
4965 1
4966 1
4967 4
4968 1
4969 4
4970 4
4971 1
4972 4
4973 1
4974 1
4975 1
4976 1
4977 1
4978 1
4979 4
4980 3
4981 4
4982 1
4983 1
4984 4
4985 4
4986 1
4987 2
4988 4
4989 1
4990 4
4991 1
4992 1
4993 1
4994 1
4995 1
4996 1
4997 4
4998 1
4999 2
5000 1
5001 1
5002 1
5003 1
5004 1
5005 1
5006 4
5007 1
5008 1
5009 4
5010 0
5011 4
5012 4
5013 4
5014 1
5015 4
5016 4
5017 1
5018 1
5019 1
5020 1
5021 1
5022 1
5023 1
5024 1
5025 1
5026 1
5027 1
5028 4
5029 4
5030 4
5031 1
5032 1
5033 1
5034 1
5035 1
5036 2
5037 1
5038 1
5039 4
5040 4
5041 1
5042 1
5043 1
5044 4
5045 1
5046 4
5047 1
5048 1
5049 1
5050 1
5051 1
5052 1
5053 1
5054 4
5055 4
5056 1
5057 4
5058 0
5059 1
5060 1
5061 1
5062 1
5063 1
5064 1
5065 1
5066 1
5067 4
5068 1
5069 1
5070 4
5071 4
5072 1
5073 4
5074 1
5075 1
5076 1
5077 0
5078 1
5079 1
5080 1
5081 1
5082 1
5083 1
5084 4
5085 1
5086 1
5087 1
5088 1
5089 1
5090 4
5091 1
5092 1
5093 1
5094 4
5095 1
5096 3
5097 1
5098 1
5099 4
5100 1
5101 4
5102 1
5103 1
5104 1
5105 1
5106 4
5107 4
5108 1
5109 4
5110 1
5111 1
5112 1
5113 4
5114 1
5115 1
5116 1
5117 1
5118 1
5119 1
5120 1
5121 1
5122 4
5123 4
5124 1
5125 1
5126 4
5127 4
5128 4
5129 1
5130 1
5131 1
5132 1
5133 2
5134 1
5135 1
5136 4
5137 1
5138 0
5139 4
5140 4
5141 1
5142 1
5143 4
5144 1
5145 0
5146 4
5147 1
5148 1
5149 0
5150 2
5151 1
5152 1
5153 1
5154 1
5155 1
5156 1
5157 1
5158 1
5159 1
5160 1
5161 1
5162 1
5163 1
5164 1
5165 1
5166 1
5167 4
5168 1
5169 4
5170 1
5171 1
5172 1
5173 1
5174 1
5175 1
5176 1
5177 2
5178 1
5179 1
5180 1
5181 1
5182 1
5183 1
5184 1
5185 1
5186 1
5187 1
5188 1
5189 4
5190 1
5191 1
5192 1
5193 1
5194 1
5195 4
5196 1
5197 1
5198 1
5199 1
5200 1
5201 1
5202 4
5203 1
5204 4
5205 1
5206 1
5207 1
5208 1
5209 1
5210 1
5211 1
5212 1
5213 1
5214 1
5215 1
5216 1
5217 1
5218 1
5219 4
5220 1
5221 1
5222 1
5223 1
5224 0
5225 1
5226 1
5227 1
5228 4
5229 1
5230 1
5231 1
5232 1
5233 1
5234 4
5235 1
5236 1
5237 1
5238 1
5239 1
5240 0
5241 1
5242 1
5243 1
5244 4
5245 1
5246 1
5247 1
5248 1
5249 1
5250 1
5251 1
5252 1
5253 4
5254 1
5255 4
5256 1
5257 0
5258 1
5259 1
5260 1
5261 1
5262 1
5263 1
5264 1
5265 1
5266 1
5267 1
5268 1
5269 4
5270 1
5271 1
5272 1
5273 1
5274 1
5275 4
5276 1
5277 1
5278 1
5279 1
5280 4
5281 1
5282 1
5283 2
5284 1
5285 4
5286 1
5287 2
5288 4
5289 4
5290 1
5291 1
5292 1
5293 1
5294 1
5295 1
5296 1
5297 4
5298 1
5299 1
5300 4
5301 1
5302 1
5303 1
5304 1
5305 1
5306 1
5307 1
5308 1
5309 1
5310 1
5311 1
5312 1
5313 1
5314 1
5315 1
5316 4
5317 2
5318 4
5319 1
5320 2
5321 1
5322 1
5323 1
5324 1
5325 1
5326 1
5327 1
5328 1
5329 1
5330 1
5331 1
5332 1
5333 4
5334 1
5335 1
5336 1
5337 1
5338 1
5339 1
5340 1
5341 1
5342 1
5343 4
5344 1
5345 1
5346 1
5347 1
5348 1
5349 1
5350 1
5351 1
5352 1
5353 1
5354 1
5355 4
5356 4
5357 1
5358 4
5359 4
5360 1
5361 1
5362 1
5363 1
5364 1
5365 1
5366 4
5367 1
5368 1
5369 1
5370 1
5371 1
5372 0
5373 1
5374 1
5375 0
5376 1
5377 1
5378 1
5379 0
5380 0
5381 1
5382 1
5383 0
5384 1
5385 1
5386 1
5387 1
5388 0
5389 3
5390 1
5391 1
5392 1
5393 1
5394 1
5395 3
5396 1
5397 1
5398 3
5399 1
5400 1
5401 1
5402 1
5403 3
5404 0
5405 0
5406 0
5407 0
5408 0
5409 0
5410 0
5411 1
5412 1
5413 1
5414 1
5415 1
5416 1
5417 1
5418 1
5419 1
5420 1
5421 1
5422 1
5423 0
5424 0
5425 1
5426 1
5427 1
5428 1
5429 4
5430 0
5431 2
5432 1
5433 1
5434 0
5435 0
5436 0
5437 0
5438 0
5439 0
5440 0
5441 0
5442 1
5443 1
5444 1
5445 1
5446 0
5447 1
5448 0
5449 1
5450 0
5451 1
5452 1
5453 1
5454 1
5455 1
5456 0
5457 0
5458 1
5459 0
5460 0
5461 3
5462 0
5463 0
5464 0
5465 1
5466 0
5467 0
5468 1
5469 0
5470 0
5471 0
5472 0
5473 0
5474 0
5475 0
5476 0
5477 0
5478 1
5479 1
5480 1
5481 0
5482 1
5483 4
5484 4
5485 4
5486 0
5487 1
5488 3
5489 3
5490 3
5491 1
5492 1
5493 3
5494 0
5495 1
5496 0
5497 0
5498 1
5499 0
5500 3
5501 1
5502 1
5503 3
5504 1
5505 1
5506 0
5507 1
5508 1
5509 1
5510 3
5511 0
5512 1
5513 1
5514 1
5515 3
5516 2
5517 1
5518 1
5519 1
5520 1
5521 1
5522 1
5523 0
5524 0
5525 0
5526 0
5527 0
5528 1
5529 1
5530 1
5531 1
5532 1
5533 1
5534 0
5535 1
5536 0
5537 1
5538 1
5539 1
5540 1
5541 0
5542 0
5543 0
5544 0
5545 0
5546 0
5547 0
5548 0
5549 1
5550 0
5551 1
5552 1
5553 1
5554 1
5555 1
5556 1
5557 1
5558 1
5559 1
5560 1
5561 1
5562 0
5563 1
5564 0
5565 1
5566 1
5567 0
5568 0
5569 0
5570 0
5571 0
5572 0
5573 0
5574 0
5575 0
5576 0
5577 0
5578 0
5579 1
5580 1
5581 1
5582 1
5583 1
5584 1
5585 1
5586 0
5587 1
5588 2
5589 1
5590 1
5591 0
5592 1
5593 1
5594 1
5595 1
5596 1
5597 1
5598 1
5599 1
5600 0
5601 1
5602 1
5603 0
5604 0
5605 0
5606 0
5607 0
5608 0
5609 0
5610 0
5611 0
5612 0
5613 0
5614 1
5615 2
5616 1
5617 1
5618 1
5619 1
5620 0
5621 0
5622 0
5623 0
5624 0
5625 1
5626 0
5627 0
5628 1
5629 0
5630 0
5631 0
5632 0
5633 0
5634 1
5635 0
5636 0
5637 0
5638 0
5639 0
5640 0
5641 0
5642 0
5643 0
5644 0
5645 1
5646 1
5647 0
5648 0
5649 0
5650 0
5651 0
5652 0
5653 0
5654 0
5655 0
5656 1
5657 0
5658 0
5659 0
5660 0
5661 0
5662 0
5663 1
5664 1
5665 1
5666 1
5667 1
5668 3
5669 1
5670 1
5671 3
5672 1
5673 1
5674 1
5675 1
5676 1
5677 1
5678 3
5679 0
5680 1
5681 1
5682 1
5683 1
5684 2
5685 0
5686 0
5687 0
5688 0
5689 0
5690 0
5691 0
5692 0
5693 0
5694 0
5695 0
5696 0
5697 0
5698 0
5699 0
5700 0
5701 0
5702 0
5703 0
5704 0
5705 0
5706 0
5707 0
5708 0
5709 0
5710 0
5711 0
5712 1
5713 0
5714 1
5715 1
5716 1
5717 1
5718 1
5719 1
5720 1
5721 1
5722 1
5723 3
5724 1
5725 1
5726 1
5727 1
5728 1
5729 1
5730 0
5731 1
5732 1
5733 1
5734 1
5735 1
5736 1
5737 0
5738 0
5739 0
5740 0
5741 0
5742 0
5743 0
5744 0
5745 0
5746 0
5747 0
5748 0
5749 0
5750 0
5751 0
5752 0
5753 0
5754 0
5755 0
5756 0
5757 0
5758 0
5759 0
5760 0
5761 0
5762 0
5763 0
5764 0
5765 0
5766 1
5767 1
5768 1
5769 1
5770 1
5771 1
5772 1
5773 1
5774 1
5775 1
5776 1
5777 1
5778 4
5779 4
5780 4
5781 4
5782 4
5783 4
5784 1
5785 4
5786 4
5787 4
5788 4
5789 0
5790 4
5791 4
5792 4
5793 1
5794 3
5795 1
5796 1
5797 0
5798 0
5799 1
5800 1
5801 2
5802 2
5803 0
5804 1
5805 1
5806 0
5807 1
5808 1
5809 1
5810 1
5811 0
5812 0
5813 0
5814 0
5815 0
5816 0
5817 0
5818 0
5819 0
5820 0
5821 0
5822 0
5823 0
5824 0
5825 0
5826 0
5827 0
5828 0
5829 0
5830 0
5831 0
5832 0
5833 0
5834 0
5835 0
5836 0
5837 1
5838 1
5839 1
5840 1
5841 1
5842 3
5843 1
5844 1
5845 1
5846 1
5847 1
5848 1
5849 1
5850 1
5851 1
5852 1
5853 1
5854 1
5855 1
5856 1
5857 1
5858 1
5859 0
5860 1
5861 1
5862 1
5863 1
5864 0
5865 3
5866 1
5867 1
5868 1
5869 0
5870 0
5871 0
5872 0
5873 1
5874 1
5875 0
5876 1
5877 4
5878 1
5879 0
5880 1
5881 1
5882 0
5883 1
5884 1
5885 1
5886 0
5887 1
5888 1
5889 1
5890 0
5891 0
5892 0
5893 0
5894 0
5895 0
5896 0
5897 0
5898 0
5899 0
5900 0
5901 0
5902 0
5903 0
5904 0
5905 0
5906 0
5907 0
5908 0
5909 0
5910 0
5911 0
5912 0
5913 0
5914 0
5915 0
5916 0
5917 0
5918 0
5919 0
5920 1
5921 1
5922 1
5923 1
5924 0
5925 0
5926 0
5927 0
5928 1
5929 0
5930 0
5931 1
5932 0
5933 0
5934 0
5935 0
5936 0
5937 1
5938 0
5939 0
5940 0
5941 1
5942 0
5943 1
5944 0
5945 0
5946 0
5947 1
5948 1
5949 1
5950 1
5951 1
5952 1
5953 0
5954 2
5955 0
5956 1
5957 1
5958 1
5959 0
5960 0
5961 0
5962 0
5963 0
5964 0
5965 0
5966 0
5967 0
5968 0
5969 0
5970 0
5971 0
5972 0
5973 0
5974 0
5975 0
5976 0
5977 0
5978 0
5979 0
5980 0
5981 0
5982 0
5983 0
5984 1
5985 0
5986 0
5987 0
5988 0
5989 1
5990 1
5991 1
5992 2
5993 1
5994 1
5995 0
5996 1
5997 1
5998 1
5999 0
6000 1
6001 1
6002 0
6003 1
6004 0
6005 0
6006 2
6007 1
6008 1
6009 1
6010 1
6011 1
6012 1
6013 1
6014 1
6015 1
6016 1
6017 1
6018 1
6019 1
6020 1
6021 1
6022 1
6023 1
6024 1
6025 1
6026 1
6027 1
6028 1
6029 1
6030 1
6031 0
6032 1
6033 1
6034 1
6035 0
6036 1
6037 0
6038 1
6039 1
6040 1
6041 1
6042 1
6043 1
6044 1
6045 0
6046 0
6047 0
6048 0
6049 0
6050 0
6051 0
6052 0
6053 0
6054 0
6055 1
6056 0
6057 0
6058 0
6059 0
6060 0
6061 0
6062 0
6063 0
6064 0
6065 0
6066 0
6067 0
6068 0
6069 0
6070 0
6071 0
6072 0
6073 0
6074 0
6075 0
6076 0
6077 0
6078 0
6079 0
6080 0
6081 0
6082 0
6083 1
6084 1
6085 2
6086 1
6087 0
6088 0
6089 1
6090 1
6091 1
6092 0
6093 1
6094 1
6095 0
6096 1
6097 1
6098 1
6099 1
6100 1
6101 1
6102 1
6103 1
6104 3
6105 0
6106 0
6107 0
6108 0
6109 0
6110 0
6111 0
6112 0
6113 0
6114 0
6115 0
6116 0
6117 0
6118 0
6119 0
6120 0
6121 0
6122 0
6123 0
6124 2
6125 3
6126 1
6127 0
6128 1
6129 0
6130 3
6131 1
6132 3
6133 0
6134 0
6135 0
6136 0
6137 1
6138 0
6139 0
6140 1
6141 0
6142 0
6143 0
6144 0
6145 0
6146 0
6147 0
6148 0
6149 0
6150 0
6151 0
6152 0
6153 3
6154 0
6155 0
6156 0
6157 3
6158 0
6159 0
6160 0
6161 0
6162 0
6163 0
6164 1
6165 3
6166 3
6167 0
6168 0
6169 0
6170 0
6171 0
6172 3
6173 0
6174 0
6175 0
6176 0
6177 0
6178 0
6179 0
6180 3
6181 1
6182 3
6183 3
6184 3
6185 0
6186 0
6187 3
6188 0
6189 0
6190 0
6191 0
6192 0
6193 0
6194 0
6195 0
6196 0
6197 0
6198 0
6199 0
6200 0
6201 0
6202 0
6203 0
6204 0
6205 0
6206 0
6207 3
6208 0
6209 0
6210 1
6211 0
6212 0
6213 0
6214 3
6215 0
6216 0
6217 0
6218 0
6219 0
6220 0
6221 0
6222 2
6223 1
6224 0
6225 0
6226 0
6227 2
6228 0
6229 0
6230 0
6231 0
6232 0
6233 0
6234 0
6235 0
6236 0
6237 0
6238 1
6239 0
6240 0
6241 0
6242 1
6243 0
6244 3
6245 0
6246 0
6247 0
6248 0
6249 0
6250 0
6251 0
6252 0
6253 0
6254 0
6255 0
6256 2
6257 0
6258 0
6259 0
6260 0
6261 3
6262 0
6263 0
6264 1
6265 0
6266 0
6267 1
6268 0
6269 0
6270 0
6271 0
6272 1
6273 0
6274 0
6275 1
6276 0
6277 0
6278 0
6279 2
6280 0
6281 3
6282 0
6283 0
6284 0
6285 0
6286 0
6287 0
6288 0
6289 0
6290 0
6291 0
6292 0
6293 0
6294 0
6295 0
6296 0
6297 0
6298 0
6299 3
6300 3
6301 0
6302 0
6303 2
6304 0
6305 0
6306 0
6307 0
6308 0
6309 3
6310 0
6311 0
6312 3
6313 0
6314 0
6315 0
6316 2
6317 0
6318 0
6319 0
6320 0
6321 0
6322 0
6323 0
6324 0
6325 0
6326 1
6327 0
6328 1
6329 0
6330 0
6331 0
6332 0
6333 0
6334 0
6335 0
6336 0
6337 0
6338 0
6339 0
6340 2
6341 0
6342 0
6343 0
6344 0
6345 0
6346 3
6347 0
6348 0
6349 0
6350 0
6351 0
6352 0
6353 0
6354 0
6355 0
6356 0
6357 0
6358 1
6359 0
6360 0
6361 0
6362 0
6363 0
6364 0
6365 3
6366 0
6367 0
6368 0
6369 0
6370 0
6371 0
6372 0
6373 0
6374 0
6375 0
6376 0
6377 0
6378 0
6379 0
6380 4
6381 3
6382 0
6383 0
6384 0
6385 0
6386 3
6387 0
6388 0
6389 0
6390 0
6391 0
6392 0
6393 0
6394 0
6395 0
6396 0
6397 0
6398 3
6399 0
6400 0
6401 0
6402 4
6403 0
6404 0
6405 2
6406 0
6407 0
6408 0
6409 0
6410 0
6411 0
6412 0
6413 0
6414 3
6415 3
6416 0
6417 3
6418 0
6419 0
6420 0
6421 3
6422 3
6423 0
6424 0
6425 0
6426 0
6427 0
6428 0
6429 1
6430 0
6431 0
6432 0
6433 0
6434 1
6435 3
6436 0
6437 0
6438 0
6439 1
6440 0
6441 0
6442 1
6443 0
6444 1
6445 0
6446 0
6447 0
6448 0
6449 0
6450 1
6451 0
6452 0
6453 0
6454 0
6455 0
6456 2
6457 0
6458 0
6459 0
6460 0
6461 0
6462 0
6463 0
6464 0
6465 0
6466 0
6467 0
6468 3
6469 0
6470 0
6471 0
6472 1
6473 3
6474 0
6475 0
6476 0
6477 0
6478 0
6479 0
6480 4
6481 0
6482 0
6483 0
6484 0
6485 0
6486 0
6487 0
6488 3
6489 0
6490 0
6491 0
6492 0
6493 0
6494 0
6495 0
6496 0
6497 0
6498 0
6499 0
6500 0
6501 3
6502 0
6503 0
6504 0
6505 3
6506 0
6507 3
6508 2
6509 0
6510 0
6511 0
6512 0
6513 0
6514 0
6515 2
6516 2
6517 2
6518 2
6519 0
6520 0
6521 0
6522 0
6523 0
6524 1
6525 0
6526 4
6527 0
6528 1
6529 0
6530 0
6531 0
6532 0
6533 0
6534 0
6535 0
6536 0
6537 0
6538 0
6539 0
6540 0
6541 0
6542 0
6543 0
6544 0
6545 0
6546 0
6547 0
6548 0
6549 0
6550 0
6551 0
6552 3
6553 3
6554 4
6555 0
6556 0
6557 0
6558 0
6559 0
6560 0
6561 1
6562 0
6563 0
6564 0
6565 0
6566 0
6567 1
6568 0
6569 0
6570 1
6571 0
6572 0
6573 0
6574 0
6575 0
6576 0
6577 0
6578 0
6579 1
6580 1
6581 0
6582 0
6583 0
6584 1
6585 0
6586 0
6587 0
6588 0
6589 1
6590 0
6591 0
6592 0
6593 0
6594 0
6595 0
6596 0
6597 0
6598 0
6599 0
6600 0
6601 0
6602 0
6603 0
6604 0
6605 3
6606 0
6607 4
6608 0
6609 0
6610 0
6611 0
6612 0
6613 0
6614 1
6615 0
6616 3
6617 0
6618 1
6619 0
6620 0
6621 0
6622 0
6623 0
6624 0
6625 0
6626 0
6627 0
6628 0
6629 3
6630 0
6631 0
6632 0
6633 3
6634 0
6635 0
6636 0
6637 0
6638 0
6639 0
6640 0
6641 0
6642 0
6643 0
6644 0
6645 3
6646 0
6647 2
6648 0
6649 3
6650 0
6651 0
6652 0
6653 0
6654 0
6655 3
6656 0
6657 0
6658 0
6659 0
6660 0
6661 0
6662 0
6663 0
6664 0
6665 4
6666 0
6667 0
6668 3
6669 0
6670 0
6671 0
6672 0
6673 1
6674 4
6675 0
6676 0
6677 0
6678 0
6679 0
6680 0
6681 0
6682 0
6683 0
6684 0
6685 2
6686 0
6687 0
6688 0
6689 1
6690 0
6691 0
6692 0
6693 0
6694 0
6695 2
6696 0
6697 0
6698 0
6699 0
6700 0
6701 0
6702 0
6703 0
6704 0
6705 3
6706 0
6707 0
6708 0
6709 0
6710 0
6711 2
6712 0
6713 0
6714 0
6715 1
6716 0
6717 0
6718 0
6719 3
6720 0
6721 0
6722 0
6723 0
6724 0
6725 0
6726 0
6727 0
6728 0
6729 0
6730 0
6731 0
6732 0
6733 0
6734 0
6735 0
6736 0
6737 0
6738 0
6739 0
6740 0
6741 0
6742 0
6743 0
6744 0
6745 0
6746 0
6747 0
6748 0
6749 0
6750 0
6751 0
6752 0
6753 2
6754 0
6755 0
6756 0
6757 0
6758 3
6759 3
6760 0
6761 1
6762 0
6763 1
6764 0
6765 0
6766 0
6767 2
6768 0
6769 0
6770 0
6771 0
6772 0
6773 0
6774 0
6775 0
6776 0
6777 3
6778 0
6779 0
6780 4
6781 2
6782 0
6783 0
6784 0
6785 0
6786 0
6787 3
6788 0
6789 0
6790 0
6791 0
6792 0
6793 2
6794 0
6795 2
6796 3
6797 0
6798 0
6799 4
6800 0
6801 1
6802 0
6803 1
6804 0
6805 3
6806 3
6807 0
6808 0
6809 0
6810 0
6811 0
6812 1
6813 0
6814 0
6815 4
6816 0
6817 0
6818 0
6819 0
6820 0
6821 0
6822 3
6823 1
6824 0
6825 0
6826 2
6827 0
6828 0
6829 0
6830 0
6831 0
6832 2
6833 0
6834 1
6835 0
6836 0
6837 0
6838 0
6839 2
6840 0
6841 0
6842 0
6843 1
6844 0
6845 0
6846 0
6847 1
6848 0
6849 0
6850 0
6851 0
6852 0
6853 0
6854 0
6855 0
6856 0
6857 0
6858 0
6859 2
6860 3
6861 0
6862 0
6863 0
6864 0
6865 0
6866 0
6867 0
6868 3
6869 0
6870 0
6871 0
6872 0
6873 0
6874 0
6875 0
6876 2
6877 1
6878 0
6879 0
6880 0
6881 0
6882 0
6883 0
6884 1
6885 0
6886 0
6887 3
6888 3
6889 0
6890 0
6891 0
6892 0
6893 0
6894 0
6895 0
6896 0
6897 0
6898 0
6899 0
6900 2
6901 0
6902 2
6903 0
6904 1
6905 1
6906 3
6907 0
6908 0
6909 0
6910 0
6911 0
6912 0
6913 0
6914 0
6915 0
6916 0
6917 0
6918 0
6919 0
6920 0
6921 1
6922 0
6923 0
6924 0
6925 0
6926 0
6927 0
6928 2
6929 0
6930 0
6931 0
6932 0
6933 0
6934 0
6935 0
6936 0
6937 0
6938 0
6939 0
6940 0
6941 1
6942 0
6943 3
6944 0
6945 0
6946 0
6947 0
6948 0
6949 0
6950 2
6951 0
6952 0
6953 0
6954 0
6955 0
6956 3
6957 0
6958 0
6959 0
6960 3
6961 0
6962 0
6963 0
6964 2
6965 3
6966 0
6967 0
6968 0
6969 0
6970 0
6971 0
6972 3
6973 2
6974 3
6975 0
6976 0
6977 0
6978 0
6979 0
6980 0
6981 0
6982 0
6983 0
6984 4
6985 0
6986 0
6987 2
6988 2
6989 1
6990 0
6991 1
6992 0
6993 0
6994 0
6995 0
6996 0
6997 0
6998 0
6999 0
7000 1
7001 4
7002 0
7003 0
7004 3
7005 0
7006 0
7007 0
7008 0
7009 0
7010 0
7011 3
7012 0
7013 0
7014 0
7015 3
7016 0
7017 2
7018 0
7019 0
7020 3
7021 0
7022 0
7023 0
7024 0
7025 0
7026 0
7027 0
7028 0
7029 0
7030 0
7031 4
7032 0
7033 0
7034 0
7035 0
7036 0
7037 2
7038 3
7039 0
7040 0
7041 0
7042 0
7043 0
7044 0
7045 0
7046 0
7047 0
7048 0
7049 0
7050 3
7051 0
7052 0
7053 0
7054 4
7055 0
7056 0
7057 0
7058 0
7059 0
7060 0
7061 0
7062 1
7063 0
7064 0
7065 2
7066 2
7067 0
7068 3
7069 0
7070 0
7071 1
7072 0
7073 0
7074 3
7075 0
7076 0
7077 0
7078 0
7079 0
7080 0
7081 0
7082 2
7083 0
7084 0
7085 0
7086 0
7087 0
7088 0
7089 2
7090 3
7091 0
7092 0
7093 0
7094 3
7095 0
7096 0
7097 1
7098 0
7099 0
7100 0
7101 0
7102 0
7103 0
7104 0
7105 0
7106 0
7107 3
7108 0
7109 0
7110 0
7111 3
7112 0
7113 0
7114 0
7115 0
7116 0
7117 0
7118 0
7119 0
7120 0
7121 3
7122 0
7123 0
7124 0
7125 0
7126 0
7127 0
7128 3
7129 1
7130 3
7131 0
7132 0
7133 0
7134 0
7135 0
7136 0
7137 0
7138 2
7139 0
7140 0
7141 2
7142 0
7143 0
7144 0
7145 0
7146 0
7147 0
7148 4
7149 3
7150 2
7151 0
7152 0
7153 0
7154 0
7155 0
7156 0
7157 0
7158 0
7159 0
7160 0
7161 0
7162 0
7163 0
7164 1
7165 0
7166 0
7167 0
7168 0
7169 0
7170 0
7171 0
7172 0
7173 0
7174 0
7175 0
7176 0
7177 0
7178 0
7179 2
7180 0
7181 0
7182 0
7183 0
7184 0
7185 0
7186 0
7187 0
7188 1
7189 0
7190 3
7191 0
7192 0
7193 0
7194 0
7195 0
7196 0
7197 0
7198 0
7199 0
7200 1
7201 0
7202 2
7203 3
7204 0
7205 0
7206 0
7207 0
7208 0
7209 2
7210 0
7211 0
7212 0
7213 1
7214 2
7215 0
7216 0
7217 0
7218 0
7219 0
7220 2
7221 0
7222 0
7223 4
7224 0
7225 0
7226 0
7227 0
7228 2
7229 2
7230 0
7231 2
7232 0
7233 0
7234 0
7235 3
7236 0
7237 1
7238 0
7239 0
7240 0
7241 2
7242 0
7243 0
7244 0
7245 2
7246 0
7247 0
7248 0
7249 0
7250 3
7251 0
7252 2
7253 2
7254 0
7255 0
7256 0
7257 0
7258 0
7259 2
7260 0
7261 0
7262 0
7263 0
7264 0
7265 0
7266 4
7267 0
7268 0
7269 0
7270 0
7271 3
7272 0
7273 0
7274 1
7275 2
7276 0
7277 3
7278 0
7279 0
7280 0
7281 0
7282 0
7283 0
7284 0
7285 0
7286 0
7287 0
7288 0
7289 0
7290 0
7291 0
7292 0
7293 0
7294 0
7295 0
7296 3
7297 2
7298 0
7299 0
7300 0
7301 0
7302 2
7303 0
7304 1
7305 0
7306 0
7307 0
7308 0
7309 0
7310 0
7311 0
7312 0
7313 0
7314 0
7315 3
7316 0
7317 0
7318 0
7319 0
7320 0
7321 0
7322 0
7323 0
7324 0
7325 0
7326 0
7327 0
7328 0
7329 0
7330 0
7331 0
7332 0
7333 3
7334 1
7335 0
7336 2
7337 4
7338 3
7339 0
7340 2
7341 0
7342 0
7343 3
7344 0
7345 2
7346 0
7347 3
7348 0
7349 0
7350 0
7351 0
7352 0
7353 0
7354 0
7355 0
7356 0
7357 0
7358 0
7359 0
7360 0
7361 0
7362 0
7363 0
7364 0
7365 0
7366 0
7367 0
7368 0
7369 1
7370 0
7371 0
7372 0
7373 0
7374 0
7375 0
7376 0
7377 0
7378 0
7379 0
7380 0
7381 0
7382 0
7383 0
7384 0
7385 2
7386 0
7387 0
7388 0
7389 0
7390 0
7391 0
7392 0
7393 0
7394 0
7395 0
7396 0
7397 0
7398 0
7399 0
7400 0
7401 0
7402 0
7403 0
7404 0
7405 0
7406 0
7407 0
7408 0
7409 0
7410 0
7411 0
7412 0
7413 0
7414 0
7415 0
7416 2
7417 0
7418 3
7419 0
7420 0
7421 0
7422 0
7423 0
7424 3
7425 0
7426 0
7427 0
7428 0
7429 0
7430 4
7431 4
7432 0
7433 0
7434 0
7435 0
7436 0
7437 0
7438 0
7439 0
7440 0
7441 0
7442 0
7443 0
7444 0
7445 0
7446 1
7447 3
7448 0
7449 0
7450 0
7451 0
7452 1
7453 0
7454 0
7455 0
7456 0
7457 0
7458 2
7459 0
7460 0
7461 0
7462 0
7463 0
7464 0
7465 0
7466 0
7467 0
7468 0
7469 0
7470 3
7471 0
7472 0
7473 2
7474 2
7475 0
7476 2
7477 2
7478 0
7479 0
7480 0
7481 0
7482 0
7483 0
7484 2
7485 0
7486 0
7487 0
7488 4
7489 0
7490 0
7491 0
7492 0
7493 0
7494 0
7495 0
7496 2
7497 0
7498 0
7499 2
7500 2
7501 2
7502 3
7503 0
7504 0
7505 0
7506 0
7507 2
7508 0
7509 0
7510 0
7511 0
7512 0
7513 0
7514 0
7515 0
7516 0
7517 1
7518 0
7519 0
7520 0
7521 0
7522 0
7523 0
7524 2
7525 1
7526 0
7527 0
7528 0
7529 4
7530 0
7531 1
7532 0
7533 0
7534 0
7535 0
7536 0
7537 1
7538 2
7539 0
7540 0
7541 0
7542 0
7543 0
7544 0
7545 0
7546 0
7547 0
7548 0
7549 0
7550 0
7551 2
7552 0
7553 0
7554 0
7555 0
7556 0
7557 1
7558 0
7559 1
7560 1
7561 4
7562 4
7563 4
7564 1
7565 1
7566 1
7567 1
7568 1
7569 1
7570 4
7571 1
7572 1
7573 1
7574 1
7575 1
7576 1
7577 1
7578 1
7579 0
7580 4
7581 1
7582 1
7583 1
7584 1
7585 1
7586 1
7587 1
7588 1
7589 1
7590 1
7591 1
7592 1
7593 4
7594 1
7595 1
7596 4
7597 4
7598 1
7599 1
7600 1
7601 1
7602 1
7603 1
7604 1
7605 1
7606 1
7607 1
7608 0
7609 1
7610 1
7611 1
7612 1
7613 1
7614 4
7615 1
7616 1
7617 1
7618 1
7619 1
7620 1
7621 1
7622 1
7623 1
7624 4
7625 1
7626 1
7627 1
7628 1
7629 1
7630 1
7631 1
7632 1
7633 1
7634 1
7635 4
7636 1
7637 1
7638 1
7639 4
7640 1
7641 1
7642 1
7643 1
7644 1
7645 1
7646 4
7647 4
7648 1
7649 1
7650 1
7651 1
7652 1
7653 1
7654 1
7655 4
7656 1
7657 1
7658 1
7659 1
7660 1
7661 1
7662 1
7663 1
7664 4
7665 1
7666 4
7667 1
7668 1
7669 4
7670 1
7671 1
7672 1
7673 1
7674 4
7675 1
7676 1
7677 1
7678 1
7679 1
7680 1
7681 1
7682 1
7683 1
7684 1
7685 1
7686 1
7687 1
7688 4
7689 1
7690 1
7691 1
7692 4
7693 1
7694 1
7695 4
7696 1
7697 1
7698 1
7699 1
7700 1
7701 1
7702 1
7703 1
7704 1
7705 1
7706 1
7707 1
7708 1
7709 1
7710 1
7711 2
7712 1
7713 1
7714 1
7715 1
7716 1
7717 1
7718 1
7719 1
7720 4
7721 1
7722 1
7723 1
7724 1
7725 1
7726 4
7727 1
7728 1
7729 1
7730 4
7731 4
7732 1
7733 1
7734 1
7735 1
7736 1
7737 1
7738 1
7739 1
7740 1
7741 1
7742 1
7743 1
7744 1
7745 4
7746 1
7747 2
7748 1
7749 1
7750 1
7751 1
7752 1
7753 1
7754 1
7755 4
7756 1
7757 1
7758 1
7759 1
7760 1
7761 1
7762 1
7763 1
7764 1
7765 4
7766 1
7767 4
7768 1
7769 1
7770 4
7771 1
7772 4
7773 1
7774 1
7775 1
7776 1
7777 1
7778 3
7779 1
7780 1
7781 1
7782 1
7783 1
7784 1
7785 1
7786 4
7787 1
7788 1
7789 0
7790 1
7791 1
7792 1
7793 1
7794 1
7795 1
7796 1
7797 1
7798 1
7799 1
7800 1
7801 1
7802 1
7803 1
7804 1
7805 4
7806 1
7807 0
7808 1
7809 1
7810 1
7811 1
7812 1
7813 1
7814 1
7815 1
7816 1
7817 1
7818 1
7819 1
7820 1
7821 2
7822 0
7823 1
7824 1
7825 1
7826 1
7827 1
7828 1
7829 4
7830 1
7831 1
7832 1
7833 1
7834 1
7835 4
7836 1
7837 4
7838 1
7839 1
7840 1
7841 1
7842 1
7843 1
7844 1
7845 1
7846 1
7847 1
7848 1
7849 1
7850 1
7851 1
7852 1
7853 1
7854 1
7855 1
7856 1
7857 1
7858 1
7859 1
7860 2
7861 1
7862 1
7863 1
7864 1
7865 1
7866 4
7867 1
7868 1
7869 1
7870 1
7871 1
7872 1
7873 4
7874 1
7875 4
7876 4
7877 1
7878 4
7879 4
7880 4
7881 1
7882 1
7883 4
7884 4
7885 1
7886 1
7887 1
7888 1
7889 1
7890 1
7891 1
7892 1
7893 1
7894 4
7895 4
7896 1
7897 2
7898 1
7899 1
7900 1
7901 4
7902 1
7903 1
7904 4
7905 0
7906 4
7907 1
7908 1
7909 1
7910 1
7911 1
7912 1
7913 4
7914 1
7915 1
7916 4
7917 1
7918 1
7919 1
7920 1
7921 1
7922 4
7923 1
7924 1
7925 4
7926 1
7927 4
7928 1
7929 1
7930 1
7931 4
7932 1
7933 1
7934 1
7935 1
7936 1
7937 1
7938 1
7939 1
7940 1
7941 1
7942 1
7943 4
7944 1
7945 1
7946 1
7947 4
7948 1
7949 1
7950 1
7951 1
7952 1
7953 4
7954 1
7955 4
7956 1
7957 1
7958 1
7959 1
7960 1
7961 4
7962 1
7963 4
7964 4
7965 4
7966 1
7967 4
7968 1
7969 1
7970 1
7971 1
7972 1
7973 1
7974 1
7975 1
7976 1
7977 1
7978 1
7979 1
7980 1
7981 4
7982 1
7983 0
7984 4
7985 4
7986 1
7987 1
7988 1
7989 1
7990 1
7991 4
7992 1
7993 1
7994 1
7995 1
7996 1
7997 0
7998 1
7999 4
8000 1
8001 1
8002 4
8003 0
8004 4
8005 1
8006 1
8007 1
8008 4
8009 1
8010 4
8011 1
8012 1
8013 1
8014 1
8015 1
8016 1
8017 1
8018 4
8019 1
8020 4
8021 1
8022 1
8023 4
8024 1
8025 1
8026 1
8027 1
8028 4
8029 1
8030 1
8031 1
8032 1
8033 4
8034 4
8035 1
8036 1
8037 1
8038 1
8039 4
8040 1
8041 4
8042 1
8043 4
8044 2
8045 1
8046 1
8047 1
8048 4
8049 1
8050 1
8051 1
8052 1
8053 1
8054 1
8055 1
8056 1
8057 1
8058 2
8059 1
8060 4
8061 1
8062 1
8063 3
8064 1
8065 4
8066 1
8067 1
8068 1
8069 1
8070 4
8071 1
8072 1
8073 1
8074 1
8075 1
8076 1
8077 0
8078 1
8079 4
8080 1
8081 1
8082 1
8083 1
8084 1
8085 1
8086 1
8087 4
8088 1
8089 1
8090 1
8091 1
8092 1
8093 1
8094 1
8095 4
8096 1
8097 1
8098 1
8099 1
8100 4
8101 4
8102 4
8103 1
8104 1
8105 1
8106 1
8107 1
8108 1
8109 4
8110 4
8111 1
8112 4
8113 1
8114 1
8115 1
8116 1
8117 1
8118 1
8119 1
8120 1
8121 1
8122 1
8123 1
8124 4
8125 0
8126 4
8127 0
8128 1
8129 4
8130 4
8131 4
8132 4
8133 4
8134 1
8135 1
8136 1
8137 1
8138 1
8139 1
8140 0
8141 1
8142 1
8143 1
8144 4
8145 0
8146 1
8147 1
8148 4
8149 1
8150 1
8151 1
8152 1
8153 1
8154 1
8155 1
8156 1
8157 1
8158 1
8159 1
8160 1
8161 1
8162 0
8163 4
8164 1
8165 1
8166 1
8167 4
8168 4
8169 1
8170 1
8171 4
8172 1
8173 1
8174 1
8175 1
8176 1
8177 1
8178 1
8179 1
8180 1
8181 1
8182 1
8183 1
8184 1
8185 1
8186 1
8187 1
8188 1
8189 1
8190 1
8191 1
8192 4
8193 1
8194 1
8195 1
8196 1
8197 1
8198 4
8199 1
8200 1
8201 1
8202 1
8203 4
8204 1
8205 1
8206 1
8207 4
8208 1
8209 1
8210 4
8211 4
8212 4
8213 0
8214 1
8215 4
8216 1
8217 1
8218 1
8219 1
8220 1
8221 1
8222 1
8223 1
8224 4
8225 1
8226 1
8227 4
8228 1
8229 1
8230 4
8231 4
8232 1
8233 4
8234 0
8235 4
8236 1
8237 1
8238 1
8239 1
8240 1
8241 1
8242 1
8243 1
8244 1
8245 4
8246 1
8247 1
8248 4
8249 1
8250 1
8251 4
8252 1
8253 4
8254 1
8255 1
8256 1
8257 1
8258 1
8259 1
8260 1
8261 1
8262 1
8263 4
8264 0
8265 1
8266 1
8267 1
8268 1
8269 1
8270 1
8271 4
8272 1
8273 4
8274 1
8275 4
8276 4
8277 1
8278 1
8279 1
8280 1
8281 1
8282 4
8283 1
8284 0
8285 4
8286 1
8287 1
8288 1
8289 1
8290 1
8291 4
8292 1
8293 1
8294 1
8295 1
8296 1
8297 1
8298 1
8299 1
8300 1
8301 1
8302 4
8303 1
8304 4
8305 1
8306 4
8307 1
8308 1
8309 1
8310 1
8311 1
8312 1
8313 4
8314 1
8315 1
8316 1
8317 1
8318 1
8319 1
8320 1
8321 1
8322 4
8323 1
8324 1
8325 1
8326 1
8327 1
8328 1
8329 1
8330 1
8331 1
8332 4
8333 1
8334 4
8335 4
8336 1
8337 4
8338 1
8339 1
8340 1
8341 4
8342 1
8343 4
8344 1
8345 4
8346 1
8347 1
8348 1
8349 1
8350 1
8351 1
8352 4
8353 1
8354 1
8355 1
8356 1
8357 1
8358 2
8359 4
8360 1
8361 1
8362 4
8363 1
8364 4
8365 1
8366 1
8367 1
8368 1
8369 4
8370 1
8371 1
8372 1
8373 1
8374 1
8375 2
8376 1
8377 1
8378 1
8379 1
8380 1
8381 1
8382 1
8383 1
8384 1
8385 1
8386 1
8387 1
8388 1
8389 1
8390 4
8391 4
8392 1
8393 1
8394 1
8395 3
8396 0
8397 0
8398 3
8399 1
8400 1
8401 0
8402 0
8403 0
8404 2
8405 3
8406 0
8407 0
8408 3
8409 0
8410 4
8411 0
8412 0
8413 3
8414 1
8415 0
8416 0
8417 0
8418 0
8419 0
8420 0
8421 0
8422 2
8423 0
8424 0
8425 0
8426 0
8427 0
8428 0
8429 0
8430 0
8431 0
8432 2
8433 0
8434 0
8435 0
8436 3
8437 0
8438 0
8439 4
8440 0
8441 0
8442 0
8443 0
8444 0
8445 3
8446 0
8447 0
8448 0
8449 0
8450 0
8451 0
8452 0
8453 0
8454 0
8455 2
8456 0
8457 0
8458 0
8459 0
8460 0
8461 0
8462 0
8463 3
8464 0
8465 0
8466 0
8467 0
8468 0
8469 0
8470 0
8471 0
8472 2
8473 0
8474 0
8475 0
8476 0
8477 0
8478 1
8479 0
8480 0
8481 0
8482 0
8483 0
8484 0
8485 0
8486 0
8487 0
8488 0
8489 0
8490 0
8491 0
8492 0
8493 0
8494 0
8495 0
8496 0
8497 0
8498 0
8499 0
8500 0
8501 2
8502 0
8503 3
8504 0
8505 0
8506 0
8507 0
8508 0
8509 0
8510 0
8511 0
8512 0
8513 0
8514 0
8515 0
8516 0
8517 0
8518 0
8519 0
8520 0
8521 0
8522 0
8523 0
8524 2
8525 0
8526 0
8527 2
8528 0
8529 0
8530 0
8531 0
8532 2
8533 0
8534 0
8535 0
8536 0
8537 3
8538 2
8539 0
8540 3
8541 0
8542 3
8543 0
8544 0
8545 2
8546 2
8547 0
8548 1
8549 0
8550 0
8551 0
8552 1
8553 0
8554 0
8555 0
8556 0
8557 0
8558 0
8559 1
8560 0
8561 2
8562 0
8563 3
8564 2
8565 0
8566 0
8567 0
8568 0
8569 0
8570 0
8571 3
8572 0
8573 3
8574 0
8575 0
8576 0
8577 0
8578 0
8579 3
8580 0
8581 0
8582 3
8583 0
8584 0
8585 0
8586 0
8587 0
8588 2
8589 0
8590 1
8591 0
8592 0
8593 0
8594 0
8595 0
8596 0
8597 0
8598 0
8599 0
8600 0
8601 0
8602 0
8603 0
8604 1
8605 0
8606 0
8607 0
8608 4
8609 0
8610 0
8611 0
8612 0
8613 0
8614 0
8615 3
8616 0
8617 0
8618 0
8619 0
8620 3
8621 0
8622 0
8623 0
8624 1
8625 0
8626 2
8627 0
8628 2
8629 0
8630 0
8631 0
8632 0
8633 3
8634 0
8635 0
8636 0
8637 1
8638 0
8639 0
8640 0
8641 0
8642 2
8643 0
8644 0
8645 0
8646 1
8647 0
8648 0
8649 3
8650 0
8651 0
8652 3
8653 0
8654 2
8655 0
8656 0
8657 0
8658 0
8659 0
8660 0
8661 1
8662 0
8663 0
8664 0
8665 0
8666 0
8667 0
8668 0
8669 0
8670 0
8671 0
8672 2
8673 0
8674 0
8675 4
8676 0
8677 0
8678 0
8679 0
8680 0
8681 0
8682 0
8683 0
8684 0
8685 0
8686 2
8687 0
8688 0
8689 0
8690 0
8691 0
8692 0
8693 0
8694 0
8695 0
8696 0
8697 0
8698 0
8699 0
8700 0
8701 0
8702 0
8703 0
8704 0
8705 0
8706 0
8707 0
8708 2
8709 0
8710 0
8711 0
8712 0
8713 0
8714 0
8715 0
8716 0
8717 0
8718 0
8719 2
8720 0
8721 0
8722 4
8723 0
8724 0
8725 0
8726 0
8727 0
8728 3
8729 0
8730 0
8731 0
8732 0
8733 0
8734 0
8735 2
8736 0
8737 0
8738 0
8739 0
8740 0
8741 0
8742 0
8743 0
8744 0
8745 0
8746 0
8747 0
8748 0
8749 0
8750 0
8751 0
8752 3
8753 0
8754 2
8755 2
8756 0
8757 0
8758 2
8759 0
8760 2
8761 3
8762 3
8763 0
8764 0
8765 0
8766 0
8767 0
8768 0
8769 0
8770 0
8771 0
8772 0
8773 2
8774 0
8775 2
8776 0
8777 0
8778 0
8779 0
8780 0
8781 2
8782 0
8783 0
8784 0
8785 2
8786 0
8787 0
8788 2
8789 0
8790 0
8791 0
8792 0
8793 1
8794 0
8795 0
8796 0
8797 0
8798 0
8799 2
8800 0
8801 0
8802 0
8803 0
8804 0
8805 2
8806 0
8807 0
8808 0
8809 1
8810 4
8811 0
8812 0
8813 0
8814 2
8815 0
8816 0
8817 0
8818 2
8819 0
8820 0
8821 0
8822 0
8823 0
8824 0
8825 0
8826 0
8827 0
8828 0
8829 0
8830 2
8831 0
8832 0
8833 0
8834 0
8835 0
8836 3
8837 0
8838 0
8839 0
8840 0
8841 0
8842 0
8843 0
8844 0
8845 1
8846 0
8847 0
8848 2
8849 0
8850 0
8851 0
8852 0
8853 0
8854 3
8855 0
8856 0
8857 0
8858 0
8859 0
8860 0
8861 0
8862 0
8863 0
8864 0
8865 0
8866 0
8867 2
8868 0
8869 0
8870 0
8871 0
8872 2
8873 0
8874 0
8875 0
8876 0
8877 0
8878 0
8879 2
8880 0
8881 0
8882 0
8883 0
8884 0
8885 0
8886 0
8887 0
8888 0
8889 0
8890 0
8891 2
8892 0
8893 3
8894 0
8895 0
8896 0
8897 0
8898 0
8899 0
8900 0
8901 0
8902 3
8903 0
8904 0
8905 0
8906 1
8907 1
8908 0
8909 2
8910 0
8911 0
8912 0
8913 0
8914 3
8915 0
8916 0
8917 0
8918 0
8919 0
8920 3
8921 0
8922 1
8923 0
8924 0
8925 0
8926 0
8927 3
8928 0
8929 0
8930 0
8931 0
8932 0
8933 0
8934 0
8935 0
8936 0
8937 0
8938 0
8939 0
8940 2
8941 0
8942 3
8943 0
8944 0
8945 0
8946 0
8947 0
8948 0
8949 3
8950 2
8951 0
8952 0
8953 0
8954 0
8955 0
8956 0
8957 0
8958 0
8959 2
8960 0
8961 0
8962 0
8963 0
8964 2
8965 0
8966 0
8967 0
8968 0
8969 2
8970 2
8971 0
8972 0
8973 0
8974 0
8975 2
8976 0
8977 0
8978 0
8979 0
8980 0
8981 0
8982 2
8983 0
8984 2
8985 0
8986 0
8987 0
8988 0
8989 0
8990 0
8991 0
8992 0
8993 0
8994 1
8995 0
8996 0
8997 0
8998 0
8999 0
9000 0
9001 0
9002 3
9003 0
9004 1
9005 0
9006 0
9007 0
9008 0
9009 2
9010 0
9011 0
9012 3
9013 0
9014 0
9015 0
9016 0
9017 0
9018 0
9019 0
9020 0
9021 0
9022 0
9023 0
9024 0
9025 0
9026 0
9027 3
9028 0
9029 2
9030 0
9031 0
9032 0
9033 0
9034 1
9035 1
9036 0
9037 0
9038 0
9039 0
9040 0
9041 0
9042 0
9043 0
9044 2
9045 0
9046 0
9047 0
9048 0
9049 0
9050 2
9051 0
9052 0
9053 0
9054 0
9055 0
9056 0
9057 0
9058 3
9059 1
9060 0
9061 0
9062 0
9063 0
9064 0
9065 0
9066 0
9067 2
9068 0
9069 0
9070 0
9071 0
9072 0
9073 0
9074 0
9075 1
9076 0
9077 0
9078 0
9079 0
9080 3
9081 0
9082 2
9083 0
9084 0
9085 0
9086 0
9087 0
9088 3
9089 1
9090 0
9091 0
9092 2
9093 0
9094 0
9095 0
9096 0
9097 0
9098 0
9099 0
9100 0
9101 0
9102 0
9103 0
9104 0
9105 0
9106 0
9107 0
9108 4
9109 2
9110 3
9111 0
9112 0
9113 0
9114 0
9115 0
9116 0
9117 0
9118 0
9119 0
9120 0
9121 0
9122 0
9123 0
9124 0
9125 0
9126 0
9127 0
9128 0
9129 0
9130 0
9131 0
9132 0
9133 0
9134 0
9135 0
9136 0
9137 2
9138 0
9139 0
9140 0
9141 0
9142 0
9143 0
9144 0
9145 0
9146 0
9147 0
9148 0
9149 0
9150 3
9151 0
9152 0
9153 0
9154 0
9155 0
9156 0
9157 0
9158 0
9159 0
9160 0
9161 0
9162 0
9163 0
9164 2
9165 0
9166 0
9167 0
9168 3
9169 0
9170 0
9171 0
9172 0
9173 0
9174 2
9175 0
9176 0
9177 0
9178 0
9179 0
9180 0
9181 0
9182 0
9183 3
9184 0
9185 0
9186 1
9187 3
9188 0
9189 1
9190 0
9191 0
9192 0
9193 0
9194 0
9195 0
9196 0
9197 2
9198 2
9199 0
9200 0
9201 0
9202 0
9203 2
9204 0
9205 1
9206 0
9207 0
9208 0
9209 0
9210 0
9211 0
9212 0
9213 0
9214 0
9215 0
9216 1
9217 2
9218 0
9219 0
9220 0
9221 0
9222 0
9223 0
9224 0
9225 0
9226 0
9227 0
9228 0
9229 3
9230 0
9231 2
9232 0
9233 0
9234 1
9235 0
9236 0
9237 0
9238 3
9239 0
9240 2
9241 2
9242 0
9243 0
9244 0
9245 1
9246 0
9247 0
9248 0
9249 3
9250 0
9251 0
9252 2
9253 2
9254 0
9255 0
9256 0
9257 2
9258 1
9259 0
9260 0
9261 0
9262 0
9263 0
9264 0
9265 3
9266 0
9267 0
9268 0
9269 0
9270 0
9271 0
9272 0
9273 0
9274 0
9275 0
9276 2
9277 0
9278 2
9279 2
9280 0
9281 0
9282 0
9283 0
9284 3
9285 0
9286 0
9287 2
9288 0
9289 2
9290 0
9291 2
9292 2
9293 0
9294 0
9295 0
9296 0
9297 0
9298 0
9299 0
9300 0
9301 0
9302 3
9303 0
9304 0
9305 0
9306 0
9307 0
9308 0
9309 1
9310 4
9311 0
9312 0
9313 2
9314 0
9315 0
9316 0
9317 0
9318 0
9319 0
9320 0
9321 0
9322 0
9323 1
9324 0
9325 0
9326 2
9327 3
9328 0
9329 0
9330 0
9331 3
9332 0
9333 0
9334 2
9335 0
9336 1
9337 1
9338 0
9339 0
9340 0
9341 0
9342 0
9343 0
9344 3
9345 0
9346 0
9347 0
9348 3
9349 0
9350 0
9351 0
9352 0
9353 0
9354 0
9355 0
9356 0
9357 0
9358 0
9359 0
9360 4
9361 0
9362 2
9363 0
9364 2
9365 2
9366 0
9367 0
9368 0
9369 0
9370 0
9371 0
9372 0
9373 0
9374 0
9375 0
9376 0
9377 0
9378 0
9379 3
9380 0
9381 0
9382 0
9383 2
9384 2
9385 0
9386 1
9387 0
9388 3
9389 0
9390 0
9391 0
9392 0
9393 0
9394 0
9395 0
9396 2
9397 0
9398 0
9399 0
9400 0
9401 0
9402 4
9403 3
9404 3
9405 0
9406 0
9407 0
9408 0
9409 0
9410 0
9411 0
9412 0
9413 0
9414 0
9415 0
9416 0
9417 0
9418 0
9419 0
9420 1
9421 0
9422 0
9423 0
9424 0
9425 0
9426 2
9427 0
9428 0
9429 0
9430 0
9431 0
9432 0
9433 0
9434 0
9435 0
9436 0
9437 0
9438 0
9439 0
9440 0
9441 0
9442 0
9443 0
9444 0
9445 3
9446 0
9447 0
9448 2
9449 3
9450 0
9451 0
9452 0
9453 2
9454 0
9455 0
9456 3
9457 0
9458 2
9459 0
9460 0
9461 0
9462 0
9463 0
9464 0
9465 0
9466 0
9467 0
9468 4
9469 0
9470 0
9471 0
9472 2
9473 0
9474 0
9475 0
9476 0
9477 3
9478 0
9479 0
9480 0
9481 0
9482 2
9483 0
9484 0
9485 4
9486 0
9487 2
9488 0
9489 0
9490 0
9491 2
9492 0
9493 1
9494 0
9495 0
9496 0
9497 0
9498 0
9499 0
9500 0
9501 0
9502 2
9503 0
9504 0
9505 0
9506 0
9507 0
9508 0
9509 0
9510 0
9511 0
9512 0
9513 0
9514 0
9515 0
9516 0
9517 0
9518 0
9519 2
9520 3
9521 0
9522 0
9523 0
9524 0
9525 0
9526 0
9527 0
9528 0
9529 0
9530 3
9531 0
9532 0
9533 0
9534 0
9535 0
9536 0
9537 0
9538 0
9539 0
9540 0
9541 0
9542 0
9543 0
9544 0
9545 0
9546 0
9547 0
9548 0
9549 2
9550 0
9551 2
9552 0
9553 0
9554 1
9555 0
9556 0
9557 0
9558 0
9559 0
9560 0
9561 0
9562 0
9563 0
9564 0
9565 0
9566 0
9567 3
9568 3
9569 2
9570 0
9571 0
9572 2
9573 0
9574 0
9575 0
9576 0
9577 0
9578 0
9579 0
9580 2
9581 4
9582 0
9583 0
9584 0
9585 0
9586 0
9587 0
9588 0
9589 3
9590 0
9591 0
9592 0
9593 0
9594 0
9595 0
9596 0
9597 0
9598 0
9599 0
9600 0
9601 0
9602 0
9603 0
9604 2
9605 1
9606 2
9607 0
9608 4
9609 0
9610 0
9611 0
9612 0
9613 0
9614 0
9615 0
9616 0
9617 0
9618 0
9619 0
9620 0
9621 3
9622 2
9623 0
9624 0
9625 0
9626 0
9627 0
9628 0
9629 0
9630 0
9631 0
9632 0
9633 0
9634 0
9635 0
9636 0
9637 0
9638 0
9639 0
9640 1
9641 0
9642 0
9643 0
9644 0
9645 0
9646 2
9647 0
9648 0
9649 2
9650 0
9651 0
9652 0
9653 0
9654 1
9655 2
9656 0
9657 0
9658 0
9659 3
9660 3
9661 0
9662 3
9663 0
9664 0
9665 0
9666 0
9667 0
9668 3
9669 0
9670 0
9671 0
9672 0
9673 0
9674 0
9675 0
9676 0
9677 2
9678 0
9679 0
9680 0
9681 0
9682 0
9683 0
9684 0
9685 0
9686 0
9687 2
9688 0
9689 0
9690 0
9691 0
9692 0
9693 0
9694 0
9695 0
9696 0
9697 0
9698 3
9699 0
9700 0
9701 0
9702 0
9703 0
9704 0
9705 0
9706 0
9707 0
9708 0
9709 0
9710 0
9711 4
9712 3
9713 1
9714 0
9715 0
9716 0
9717 2
9718 0
9719 0
9720 0
9721 0
9722 0
9723 0
9724 0
9725 0
9726 0
9727 2
9728 0
9729 0
9730 0
9731 0
9732 0
9733 0
9734 3
9735 0
9736 0
9737 0
9738 0
9739 0
9740 0
9741 0
9742 0
9743 0
9744 0
9745 0
9746 0
9747 0
9748 0
9749 0
9750 0
9751 0
9752 0
9753 0
9754 0
9755 4
9756 0
9757 2
9758 0
9759 0
9760 2
9761 0
9762 0
9763 0
9764 0
9765 0
9766 0
9767 4
9768 0
9769 0
9770 0
9771 0
9772 0
9773 0
9774 0
9775 1
9776 0
9777 0
9778 0
9779 0
9780 0
9781 4
9782 2
9783 2
9784 0
9785 0
9786 0
9787 0
9788 0
9789 0
9790 0
9791 2
9792 2
9793 0
9794 0
9795 0
9796 0
9797 0
9798 0
9799 0
9800 0
9801 0
9802 0
9803 0
9804 0
9805 2
9806 0
9807 0
9808 0
9809 3
9810 0
9811 0
9812 0
9813 0
9814 0
9815 0
9816 0
9817 0
9818 0
9819 2
9820 0
9821 0
9822 0
9823 0
9824 0
9825 0
9826 0
9827 1
9828 0
9829 0
9830 0
9831 0
9832 0
9833 3
9834 0
9835 3
9836 2
9837 0
9838 0
9839 0
9840 0
9841 0
9842 0
9843 0
9844 0
9845 0
9846 0
9847 0
9848 0
9849 0
9850 0
9851 0
9852 0
9853 0
9854 0
9855 3
9856 0
9857 0
9858 2
9859 0
9860 2
9861 0
9862 0
9863 3
9864 0
9865 0
9866 2
9867 0
9868 2
9869 0
9870 0
9871 0
9872 0
9873 0
9874 0
9875 0
9876 0
9877 0
9878 0
9879 2
9880 0
9881 0
9882 3
9883 0
9884 0
9885 0
9886 0
9887 0
9888 3
9889 0
9890 0
9891 0
9892 0
9893 2
9894 0
9895 0
9896 0
9897 0
9898 0
9899 0
9900 3
9901 0
9902 3
9903 2
9904 0
9905 0
9906 0
9907 0
9908 0
9909 0
9910 0
9911 0
9912 0
9913 0
9914 0
9915 0
9916 0
9917 0
9918 0
9919 0
9920 0
9921 0
9922 2
9923 0
9924 0
9925 2
9926 3
9927 1
9928 1
9929 0
9930 1
9931 1
9932 1
9933 1
9934 4
9935 1
9936 1
9937 4
9938 1
9939 1
9940 1
9941 1
9942 1
9943 4
9944 1
9945 1
9946 2
9947 1
9948 1
9949 1
9950 4
9951 1
9952 1
9953 1
9954 1
9955 2
9956 1
9957 1
9958 1
9959 1
9960 0
9961 1
9962 4
9963 1
9964 3
9965 1
9966 1
9967 1
9968 1
9969 1
9970 4
9971 1
9972 1
9973 1
9974 1
9975 1
9976 1
9977 1
9978 1
9979 1
9980 1
9981 1
9982 1
9983 1
9984 3
9985 1
9986 1
9987 1
9988 1
9989 1
9990 1
9991 1
9992 1
9993 1
9994 1
9995 1
9996 1
9997 1
9998 1
9999 1
10000 0
10001 1
10002 1
10003 1
10004 1
10005 0
10006 1
10007 4
10008 1
10009 0
10010 0
10011 1
10012 1
10013 1
10014 4
10015 0
10016 1
10017 0
10018 1
10019 1
10020 1
10021 0
10022 1
10023 1
10024 1
10025 1
10026 1
10027 1
10028 1
10029 1
10030 1
10031 4
10032 1
10033 4
10034 4
10035 4
10036 1
10037 1
10038 1
10039 4
10040 4
10041 1
10042 1
10043 4
10044 1
10045 1
10046 1
10047 0
10048 1
10049 4
10050 1
10051 1
10052 1
10053 1
10054 1
10055 1
10056 0
10057 1
10058 1
10059 1
10060 1
10061 0
10062 1
10063 1
10064 1
10065 1
10066 1
10067 1
10068 4
10069 4
10070 1
10071 1
10072 4
10073 1
10074 1
10075 1
10076 1
10077 1
10078 1
10079 1
10080 1
10081 1
10082 1
10083 1
10084 1
10085 1
10086 1
10087 1
10088 1
10089 1
10090 1
10091 1
10092 1
10093 1
10094 1
10095 1
10096 1
10097 1
10098 1
10099 1
10100 1
10101 1
10102 1
10103 1
10104 0
10105 1
10106 1
10107 1
10108 4
10109 1
10110 1
10111 1
10112 4
10113 4
10114 1
10115 1
10116 1
10117 1
10118 1
10119 4
10120 1
10121 1
10122 1
10123 2
10124 1
10125 1
10126 1
10127 0
10128 1
10129 1
10130 1
10131 1
10132 4
10133 1
10134 1
10135 0
10136 4
10137 1
10138 1
10139 1
10140 4
10141 1
10142 1
10143 1
10144 1
10145 4
10146 1
10147 1
10148 1
10149 1
10150 4
10151 1
10152 1
10153 1
10154 1
10155 4
10156 4
10157 1
10158 1
10159 4
10160 1
10161 0
10162 0
10163 0
10164 1
10165 1
10166 1
10167 1
10168 4
10169 1
10170 4
10171 1
10172 1
10173 1
10174 1
10175 1
10176 0
10177 1
10178 1
10179 1
10180 1
10181 1
10182 1
10183 1
10184 4
10185 1
10186 1
10187 1
10188 4
10189 1
10190 1
10191 1
10192 1
10193 4
10194 1
10195 1
10196 1
10197 1
10198 1
10199 1
10200 1
10201 1
10202 1
10203 1
10204 1
10205 1
10206 1
10207 1
10208 1
10209 1
10210 1
10211 1
10212 1
10213 4
10214 1
10215 1
10216 1
10217 1
10218 1
10219 1
10220 1
10221 1
10222 1
10223 1
10224 1
10225 1
10226 1
10227 1
10228 4
10229 1
10230 1
10231 1
10232 1
10233 1
10234 4
10235 1
10236 1
10237 1
10238 1
10239 1
10240 4
10241 1
10242 1
10243 4
10244 1
10245 1
10246 1
10247 1
10248 1
10249 1
10250 1
10251 1
10252 1
10253 4
10254 4
10255 4
10256 1
10257 4
10258 1
10259 4
10260 4
10261 1
10262 1
10263 1
10264 1
10265 1
10266 1
10267 0
10268 1
10269 1
10270 1
10271 1
10272 1
10273 4
10274 1
10275 1
10276 1
10277 1
10278 1
10279 4
10280 1
10281 0
10282 1
10283 1
10284 1
10285 4
10286 1
10287 1
10288 1
10289 1
10290 4
10291 1
10292 1
10293 4
10294 1
10295 1
10296 0
10297 0
10298 1
10299 1
10300 1
10301 1
10302 1
10303 1
10304 1
10305 1
10306 4
10307 1
10308 1
10309 4
10310 4
10311 1
10312 1
10313 1
10314 0
10315 1
10316 1
10317 1
10318 1
10319 4
10320 1
10321 4
10322 1
10323 1
10324 3
10325 4
10326 4
10327 2
10328 1
10329 1
10330 1
10331 1
10332 0
10333 1
10334 1
10335 1
10336 1
10337 1
10338 1
10339 1
10340 4
10341 4
10342 0
10343 1
10344 1
10345 4
10346 1
10347 0
10348 1
10349 1
10350 1
10351 0
10352 1
10353 0
10354 1
10355 1
10356 1
10357 1
10358 1
10359 1
10360 1
10361 1
10362 1
10363 4
10364 1
10365 4
10366 4
10367 1
10368 4
10369 1
10370 1
10371 1
10372 1
10373 1
10374 1
10375 1
10376 1
10377 1
10378 0
10379 1
10380 1
10381 1
10382 1
10383 1
10384 1
10385 4
10386 1
10387 1
10388 4
10389 1
10390 1
10391 1
10392 1
10393 1
10394 1
10395 1
10396 4
10397 0
10398 1
10399 1
10400 1
10401 1
10402 1
10403 1
10404 1
10405 1
10406 1
10407 1
10408 1
10409 0
10410 1
10411 1
10412 0
10413 1
10414 1
10415 1
10416 1
10417 1
10418 1
10419 1
10420 1
10421 1
10422 0
10423 1
10424 1
10425 4
10426 1
10427 1
10428 1
10429 1
10430 1
10431 1
10432 1
10433 1
10434 4
10435 1
10436 1
10437 1
10438 1
10439 1
10440 1
10441 1
10442 1
10443 1
10444 4
10445 1
10446 4
10447 1
10448 0
10449 4
10450 4
10451 4
10452 1
10453 1
10454 1
10455 1
10456 1
10457 1
10458 4
10459 1
10460 1
10461 1
10462 1
10463 4
10464 4
10465 1
10466 1
10467 4
10468 1
10469 1
10470 4
10471 1
10472 1
10473 1
10474 1
10475 1
10476 1
10477 1
10478 4
10479 1
10480 1
10481 1
10482 1
10483 1
10484 1
10485 1
10486 4
10487 1
10488 0
10489 1
10490 1
10491 1
10492 1
10493 1
10494 1
10495 4
10496 1
10497 4
10498 4
10499 1
10500 1
10501 1
10502 1
10503 1
10504 1
10505 4
10506 1
10507 1
10508 1
10509 4
10510 1
10511 1
10512 1
10513 1
10514 1
10515 1
10516 1
10517 1
10518 1
10519 1
10520 1
10521 1
10522 1
10523 1
10524 1
10525 1
10526 4
10527 1
10528 1
10529 0
10530 1
10531 4
10532 0
10533 0
10534 4
10535 1
10536 2
10537 1
10538 1
10539 1
10540 1
10541 4
10542 4
10543 1
10544 1
10545 1
10546 1
10547 1
10548 4
10549 1
10550 4
10551 1
10552 1
10553 1
10554 1
10555 1
10556 4
10557 1
10558 1
10559 4
10560 1
10561 4
10562 1
10563 1
10564 4
10565 1
10566 1
10567 1
10568 1
10569 1
10570 1
10571 3
10572 4
10573 1
10574 4
10575 1
10576 1
10577 1
10578 1
10579 1
10580 1
10581 1
10582 1
10583 1
10584 0
10585 1
10586 1
10587 1
10588 1
10589 1
10590 4
10591 1
10592 4
10593 1
10594 1
10595 4
10596 1
10597 1
10598 1
10599 1
10600 1
10601 0
10602 0
10603 1
10604 1
10605 1
10606 0
10607 1
10608 1
10609 0
10610 1
10611 1
10612 1
10613 0
10614 1
10615 1
10616 0
10617 1
10618 1
10619 1
10620 1
10621 1
10622 1
10623 4
10624 0
10625 4
10626 1
10627 1
10628 0
10629 1
10630 0
10631 4
10632 1
10633 1
10634 1
10635 4
10636 1
10637 1
10638 1
10639 1
10640 1
10641 0
10642 4
10643 2
10644 1
10645 4
10646 1
10647 1
10648 0
10649 1
10650 0
10651 1
10652 0
10653 1
10654 1
10655 1
10656 1
10657 3
10658 1
10659 1
10660 1
10661 1
10662 1
10663 1
10664 1
10665 1
10666 1
10667 1
10668 1
10669 1
